This is pdfTeX, Version 3.141592653-2.6-1.40.25 (MiKTeX 24.1) (preloaded format=pdflatex 2025.4.2)  7 APR 2025 13:58
entering extended mode
 restricted \write18 enabled.
 file:line:error style messages enabled.
 %&-line parsing enabled.
**c:/NTU-Modern-Physics-Experiments/Zeeman_Effect.tex
(c:/NTU-Modern-Physics-Experiments/Zeeman_Effect.tex
LaTeX2e <2023-11-01> patch level 1
L3 programming layer <2024-01-04>
(C:\Users\user\AppData\Local\Programs\MiKTeX\tex/latex/base\article.cls
Document Class: article 2023/05/17 v1.4n Standard LaTeX document class
(C:\Users\user\AppData\Local\Programs\MiKTeX\tex/latex/base\size12.clo
File: size12.clo 2023/05/17 v1.4n Standard LaTeX file (size option)
)
\c@part=\count187
\c@section=\count188
\c@subsection=\count189
\c@subsubsection=\count190
\c@paragraph=\count191
\c@subparagraph=\count192
\c@figure=\count193
\c@table=\count194
\abovecaptionskip=\skip48
\belowcaptionskip=\skip49
\bibindent=\dimen140
) (C:\Users\user\AppData\Local\Programs\MiKTeX\tex/latex/base\inputenc.sty
Package: inputenc 2021/02/14 v1.3d Input encoding file
\inpenc@prehook=\toks17
\inpenc@posthook=\toks18
) (C:\Users\user\AppData\Local\Programs\MiKTeX\tex/latex/amsmath\amsmath.sty
Package: amsmath 2023/05/13 v2.17o AMS math features
\@mathmargin=\skip50

For additional information on amsmath, use the `?' option.
(C:\Users\user\AppData\Local\Programs\MiKTeX\tex/latex/amsmath\amstext.sty
Package: amstext 2021/08/26 v2.01 AMS text
 (C:\Users\user\AppData\Local\Programs\MiKTeX\tex/latex/amsmath\amsgen.sty
File: amsgen.sty 1999/11/30 v2.0 generic functions
\@emptytoks=\toks19
\ex@=\dimen141
)) (C:\Users\user\AppData\Local\Programs\MiKTeX\tex/latex/amsmath\amsbsy.sty
Package: amsbsy 1999/11/29 v1.2d Bold Symbols
\pmbraise@=\dimen142
) (C:\Users\user\AppData\Local\Programs\MiKTeX\tex/latex/amsmath\amsopn.sty
Package: amsopn 2022/04/08 v2.04 operator names
)
\inf@bad=\count195
LaTeX Info: Redefining \frac on input line 234.
\uproot@=\count196
\leftroot@=\count197
LaTeX Info: Redefining \overline on input line 399.
LaTeX Info: Redefining \colon on input line 410.
\classnum@=\count198
\DOTSCASE@=\count199
LaTeX Info: Redefining \ldots on input line 496.
LaTeX Info: Redefining \dots on input line 499.
LaTeX Info: Redefining \cdots on input line 620.
\Mathstrutbox@=\box51
\strutbox@=\box52
LaTeX Info: Redefining \big on input line 722.
LaTeX Info: Redefining \Big on input line 723.
LaTeX Info: Redefining \bigg on input line 724.
LaTeX Info: Redefining \Bigg on input line 725.
\big@size=\dimen143
LaTeX Font Info:    Redeclaring font encoding OML on input line 743.
LaTeX Font Info:    Redeclaring font encoding OMS on input line 744.
\macc@depth=\count266
LaTeX Info: Redefining \bmod on input line 905.
LaTeX Info: Redefining \pmod on input line 910.
LaTeX Info: Redefining \smash on input line 940.
LaTeX Info: Redefining \relbar on input line 970.
LaTeX Info: Redefining \Relbar on input line 971.
\c@MaxMatrixCols=\count267
\dotsspace@=\muskip16
\c@parentequation=\count268
\dspbrk@lvl=\count269
\tag@help=\toks20
\row@=\count270
\column@=\count271
\maxfields@=\count272
\andhelp@=\toks21
\eqnshift@=\dimen144
\alignsep@=\dimen145
\tagshift@=\dimen146
\tagwidth@=\dimen147
\totwidth@=\dimen148
\lineht@=\dimen149
\@envbody=\toks22
\multlinegap=\skip51
\multlinetaggap=\skip52
\mathdisplay@stack=\toks23
LaTeX Info: Redefining \[ on input line 2953.
LaTeX Info: Redefining \] on input line 2954.
) (C:\Users\user\AppData\Local\Programs\MiKTeX\tex/latex/amsfonts\amssymb.sty
Package: amssymb 2013/01/14 v3.01 AMS font symbols
 (C:\Users\user\AppData\Local\Programs\MiKTeX\tex/latex/amsfonts\amsfonts.sty
Package: amsfonts 2013/01/14 v3.01 Basic AMSFonts support
\symAMSa=\mathgroup4
\symAMSb=\mathgroup5
LaTeX Font Info:    Redeclaring math symbol \hbar on input line 98.
LaTeX Font Info:    Overwriting math alphabet `\mathfrak' in version `bold'
(Font)                  U/euf/m/n --> U/euf/b/n on input line 106.
)) (C:\Users\user\AppData\Local\Programs\MiKTeX\tex/latex/graphics\graphicx.sty
Package: graphicx 2021/09/16 v1.2d Enhanced LaTeX Graphics (DPC,SPQR)
 (C:\Users\user\AppData\Local\Programs\MiKTeX\tex/latex/graphics\keyval.sty
Package: keyval 2022/05/29 v1.15 key=value parser (DPC)
\KV@toks@=\toks24
) (C:\Users\user\AppData\Local\Programs\MiKTeX\tex/latex/graphics\graphics.sty
Package: graphics 2022/03/10 v1.4e Standard LaTeX Graphics (DPC,SPQR)
 (C:\Users\user\AppData\Local\Programs\MiKTeX\tex/latex/graphics\trig.sty
Package: trig 2021/08/11 v1.11 sin cos tan (DPC)
) (C:\Users\user\AppData\Local\Programs\MiKTeX\tex/latex/graphics-cfg\graphics.cfg
File: graphics.cfg 2016/06/04 v1.11 sample graphics configuration
)
Package graphics Info: Driver file: pdftex.def on input line 107.
 (C:\Users\user\AppData\Local\Programs\MiKTeX\tex/latex/graphics-def\pdftex.def
File: pdftex.def 2022/09/22 v1.2b Graphics/color driver for pdftex
))
\Gin@req@height=\dimen150
\Gin@req@width=\dimen151
) (C:\Users\user\AppData\Local\Programs\MiKTeX\tex/latex/float\float.sty
Package: float 2001/11/08 v1.3d Float enhancements (AL)
\c@float@type=\count273
\float@exts=\toks25
\float@box=\box53
\@float@everytoks=\toks26
\@floatcapt=\box54
) (C:\Users\user\AppData\Local\Programs\MiKTeX\tex/latex/hyperref\hyperref.sty
Package: hyperref 2023-11-26 v7.01g Hypertext links for LaTeX
 (C:\Users\user\AppData\Local\Programs\MiKTeX\tex/generic/iftex\iftex.sty
Package: iftex 2022/02/03 v1.0f TeX engine tests
) (C:\Users\user\AppData\Local\Programs\MiKTeX\tex/generic/infwarerr\infwarerr.sty
Package: infwarerr 2019/12/03 v1.5 Providing info/warning/error messages (HO)
) (C:\Users\user\AppData\Local\Programs\MiKTeX\tex/latex/kvsetkeys\kvsetkeys.sty
Package: kvsetkeys 2022-10-05 v1.19 Key value parser (HO)
) (C:\Users\user\AppData\Local\Programs\MiKTeX\tex/generic/kvdefinekeys\kvdefinekeys.sty
Package: kvdefinekeys 2019-12-19 v1.6 Define keys (HO)
) (C:\Users\user\AppData\Local\Programs\MiKTeX\tex/generic/pdfescape\pdfescape.sty
Package: pdfescape 2019/12/09 v1.15 Implements pdfTeX's escape features (HO)
 (C:\Users\user\AppData\Local\Programs\MiKTeX\tex/generic/ltxcmds\ltxcmds.sty
Package: ltxcmds 2023-12-04 v1.26 LaTeX kernel commands for general use (HO)
) (C:\Users\user\AppData\Local\Programs\MiKTeX\tex/generic/pdftexcmds\pdftexcmds.sty
Package: pdftexcmds 2020-06-27 v0.33 Utility functions of pdfTeX for LuaTeX (HO)
Package pdftexcmds Info: \pdf@primitive is available.
Package pdftexcmds Info: \pdf@ifprimitive is available.
Package pdftexcmds Info: \pdfdraftmode found.
)) (C:\Users\user\AppData\Local\Programs\MiKTeX\tex/latex/hycolor\hycolor.sty
Package: hycolor 2020-01-27 v1.10 Color options for hyperref/bookmark (HO)
) (C:\Users\user\AppData\Local\Programs\MiKTeX\tex/latex/letltxmacro\letltxmacro.sty
Package: letltxmacro 2019/12/03 v1.6 Let assignment for LaTeX macros (HO)
) (C:\Users\user\AppData\Local\Programs\MiKTeX\tex/latex/auxhook\auxhook.sty
Package: auxhook 2019-12-17 v1.6 Hooks for auxiliary files (HO)
) (C:\Users\user\AppData\Local\Programs\MiKTeX\tex/latex/hyperref\nameref.sty
Package: nameref 2023-11-26 v2.56 Cross-referencing by name of section
 (C:\Users\user\AppData\Local\Programs\MiKTeX\tex/latex/refcount\refcount.sty
Package: refcount 2019/12/15 v3.6 Data extraction from label references (HO)
) (C:\Users\user\AppData\Local\Programs\MiKTeX\tex/generic/gettitlestring\gettitlestring.sty
Package: gettitlestring 2019/12/15 v1.6 Cleanup title references (HO)
 (C:\Users\user\AppData\Local\Programs\MiKTeX\tex/latex/kvoptions\kvoptions.sty
Package: kvoptions 2022-06-15 v3.15 Key value format for package options (HO)
))
\c@section@level=\count274
) (C:\Users\user\AppData\Local\Programs\MiKTeX\tex/latex/etoolbox\etoolbox.sty
Package: etoolbox 2020/10/05 v2.5k e-TeX tools for LaTeX (JAW)
\etb@tempcnta=\count275
)
\@linkdim=\dimen152
\Hy@linkcounter=\count276
\Hy@pagecounter=\count277
 (C:\Users\user\AppData\Local\Programs\MiKTeX\tex/latex/hyperref\pd1enc.def
File: pd1enc.def 2023-11-26 v7.01g Hyperref: PDFDocEncoding definition (HO)
Now handling font encoding PD1 ...
... no UTF-8 mapping file for font encoding PD1
) (C:\Users\user\AppData\Local\Programs\MiKTeX\tex/generic/intcalc\intcalc.sty
Package: intcalc 2019/12/15 v1.3 Expandable calculations with integers (HO)
)
\Hy@SavedSpaceFactor=\count278
 (C:\Users\user\AppData\Local\Programs\MiKTeX\tex/latex/hyperref\puenc.def
File: puenc.def 2023-11-26 v7.01g Hyperref: PDF Unicode definition (HO)
Now handling font encoding PU ...
... no UTF-8 mapping file for font encoding PU
)
Package hyperref Info: Hyper figures OFF on input line 4181.
Package hyperref Info: Link nesting OFF on input line 4186.
Package hyperref Info: Hyper index ON on input line 4189.
Package hyperref Info: Plain pages OFF on input line 4196.
Package hyperref Info: Backreferencing OFF on input line 4201.
Package hyperref Info: Implicit mode ON; LaTeX internals redefined.
Package hyperref Info: Bookmarks ON on input line 4448.
\c@Hy@tempcnt=\count279
 (C:\Users\user\AppData\Local\Programs\MiKTeX\tex/latex/url\url.sty
\Urlmuskip=\muskip17
Package: url 2013/09/16  ver 3.4  Verb mode for urls, etc.
)
LaTeX Info: Redefining \url on input line 4786.
\XeTeXLinkMargin=\dimen153
 (C:\Users\user\AppData\Local\Programs\MiKTeX\tex/generic/bitset\bitset.sty
Package: bitset 2019/12/09 v1.3 Handle bit-vector datatype (HO)
 (C:\Users\user\AppData\Local\Programs\MiKTeX\tex/generic/bigintcalc\bigintcalc.sty
Package: bigintcalc 2019/12/15 v1.5 Expandable calculations on big integers (HO)
))
\Fld@menulength=\count280
\Field@Width=\dimen154
\Fld@charsize=\dimen155
Package hyperref Info: Hyper figures OFF on input line 6065.
Package hyperref Info: Link nesting OFF on input line 6070.
Package hyperref Info: Hyper index ON on input line 6073.
Package hyperref Info: backreferencing OFF on input line 6080.
Package hyperref Info: Link coloring OFF on input line 6085.
Package hyperref Info: Link coloring with OCG OFF on input line 6090.
Package hyperref Info: PDF/A mode OFF on input line 6095.
 (C:\Users\user\AppData\Local\Programs\MiKTeX\tex/latex/base\atbegshi-ltx.sty
Package: atbegshi-ltx 2021/01/10 v1.0c Emulation of the original atbegshi
package with kernel methods
)
\Hy@abspage=\count281
\c@Item=\count282
\c@Hfootnote=\count283
)
Package hyperref Info: Driver (autodetected): hpdftex.
 (C:\Users\user\AppData\Local\Programs\MiKTeX\tex/latex/hyperref\hpdftex.def
File: hpdftex.def 2023-11-26 v7.01g Hyperref driver for pdfTeX
 (C:\Users\user\AppData\Local\Programs\MiKTeX\tex/latex/base\atveryend-ltx.sty
Package: atveryend-ltx 2020/08/19 v1.0a Emulation of the original atveryend package
with kernel methods
)
\Fld@listcount=\count284
\c@bookmark@seq@number=\count285
 (C:\Users\user\AppData\Local\Programs\MiKTeX\tex/latex/rerunfilecheck\rerunfilecheck.sty
Package: rerunfilecheck 2022-07-10 v1.10 Rerun checks for auxiliary files (HO)
 (C:\Users\user\AppData\Local\Programs\MiKTeX\tex/generic/uniquecounter\uniquecounter.sty
Package: uniquecounter 2019/12/15 v1.4 Provide unlimited unique counter (HO)
)
Package uniquecounter Info: New unique counter `rerunfilecheck' on input line 285.
)
\Hy@SectionHShift=\skip53
) (C:\Users\user\AppData\Local\Programs\MiKTeX\tex/latex/geometry\geometry.sty
Package: geometry 2020/01/02 v5.9 Page Geometry
 (C:\Users\user\AppData\Local\Programs\MiKTeX\tex/generic/iftex\ifvtex.sty
Package: ifvtex 2019/10/25 v1.7 ifvtex legacy package. Use iftex instead.
)
\Gm@cnth=\count286
\Gm@cntv=\count287
\c@Gm@tempcnt=\count288
\Gm@bindingoffset=\dimen156
\Gm@wd@mp=\dimen157
\Gm@odd@mp=\dimen158
\Gm@even@mp=\dimen159
\Gm@layoutwidth=\dimen160
\Gm@layoutheight=\dimen161
\Gm@layouthoffset=\dimen162
\Gm@layoutvoffset=\dimen163
\Gm@dimlist=\toks27
 (C:\Users\user\AppData\Local\Programs\MiKTeX\tex/latex/geometry\geometry.cfg)) (C:\Users\user\AppData\Local\Programs\MiKTeX\tex/latex/base\textcomp.sty
Package: textcomp 2020/02/02 v2.0n Standard LaTeX package
) (C:\Users\user\AppData\Local\Programs\MiKTeX\tex/latex/tools\indentfirst.sty
Package: indentfirst 2023/07/02 v1.03 Indent first paragraph (DPC)
) (C:\Users\user\AppData\Local\Programs\MiKTeX\tex/latex/caption\caption.sty
Package: caption 2023/08/05 v3.6o Customizing captions (AR)
 (C:\Users\user\AppData\Local\Programs\MiKTeX\tex/latex/caption\caption3.sty
Package: caption3 2023/07/31 v2.4d caption3 kernel (AR)
\caption@tempdima=\dimen164
\captionmargin=\dimen165
\caption@leftmargin=\dimen166
\caption@rightmargin=\dimen167
\caption@width=\dimen168
\caption@indent=\dimen169
\caption@parindent=\dimen170
\caption@hangindent=\dimen171
Package caption Info: Standard document class detected.
)
\c@caption@flags=\count289
\c@continuedfloat=\count290
Package caption Info: float package is loaded.
Package caption Info: hyperref package is loaded.
) (C:\Users\user\AppData\Local\Programs\MiKTeX\tex/latex/tools\tabularx.sty
Package: tabularx 2023/07/08 v2.11c `tabularx' package (DPC)
 (C:\Users\user\AppData\Local\Programs\MiKTeX\tex/latex/tools\array.sty
Package: array 2023/10/16 v2.5g Tabular extension package (FMi)
\col@sep=\dimen172
\ar@mcellbox=\box55
\extrarowheight=\dimen173
\NC@list=\toks28
\extratabsurround=\skip54
\backup@length=\skip55
\ar@cellbox=\box56
)
\TX@col@width=\dimen174
\TX@old@table=\dimen175
\TX@old@col=\dimen176
\TX@target=\dimen177
\TX@delta=\dimen178
\TX@cols=\count291
\TX@ftn=\toks29
) (C:\Users\user\AppData\Local\Programs\MiKTeX\tex/latex/caption\subcaption.sty
Package: subcaption 2023/07/28 v1.6b Sub-captions (AR)
Package caption Info: New subtype `subfigure' on input line 238.
\c@subfigure=\count292
Package caption Info: New subtype `subtable' on input line 238.
\c@subtable=\count293
) (C:\Users\user\AppData\Local\Programs\MiKTeX\tex/latex/biblatex\biblatex.sty
Package: biblatex 2023/03/05 v3.19 programmable bibliographies (PK/MW)
 (C:\Users\user\AppData\Local\Programs\MiKTeX\tex/latex/logreq\logreq.sty
Package: logreq 2010/08/04 v1.0 xml request logger
\lrq@indent=\count294
 (C:\Users\user\AppData\Local\Programs\MiKTeX\tex/latex/logreq\logreq.def
File: logreq.def 2010/08/04 v1.0 logreq spec v1.0
)) (C:\Users\user\AppData\Local\Programs\MiKTeX\tex/latex/base\ifthen.sty
Package: ifthen 2022/04/13 v1.1d Standard LaTeX ifthen package (DPC)
)
\c@tabx@nest=\count295
\c@listtotal=\count296
\c@listcount=\count297
\c@liststart=\count298
\c@liststop=\count299
\c@citecount=\count300
\c@citetotal=\count301
\c@multicitecount=\count302
\c@multicitetotal=\count303
\c@instcount=\count304
\c@maxnames=\count305
\c@minnames=\count306
\c@maxitems=\count307
\c@minitems=\count308
\c@citecounter=\count309
\c@maxcitecounter=\count310
\c@savedcitecounter=\count311
\c@uniquelist=\count312
\c@uniquename=\count313
\c@refsection=\count314
\c@refsegment=\count315
\c@maxextratitle=\count316
\c@maxextratitleyear=\count317
\c@maxextraname=\count318
\c@maxextradate=\count319
\c@maxextraalpha=\count320
\c@abbrvpenalty=\count321
\c@highnamepenalty=\count322
\c@lownamepenalty=\count323
\c@maxparens=\count324
\c@parenlevel=\count325
\blx@tempcnta=\count326
\blx@tempcntb=\count327
\blx@tempcntc=\count328
\c@blx@maxsection=\count329
\blx@maxsegment@0=\count330
\blx@notetype=\count331
\blx@parenlevel@text=\count332
\blx@parenlevel@foot=\count333
\blx@sectionciteorder@0=\count334
\blx@sectionciteorderinternal@0=\count335
\blx@entrysetcounter=\count336
\blx@biblioinstance=\count337
\labelnumberwidth=\skip56
\labelalphawidth=\skip57
\biblabelsep=\skip58
\bibitemsep=\skip59
\bibnamesep=\skip60
\bibinitsep=\skip61
\bibparsep=\skip62
\bibhang=\skip63
\blx@bcfin=\read2
\blx@bcfout=\write3
\blx@langwohyphens=\language79
\c@mincomprange=\count338
\c@maxcomprange=\count339
\c@mincompwidth=\count340
Package biblatex Info: Trying to load biblatex default data model...
Package biblatex Info: ... file 'blx-dm.def' found.
 (C:\Users\user\AppData\Local\Programs\MiKTeX\tex/latex/biblatex\blx-dm.def
File: blx-dm.def 2023/03/05 v3.19 biblatex localization (PK/MW)
)
Package biblatex Info: Trying to load biblatex custom data model...
Package biblatex Info: ... file 'biblatex-dm.cfg' not found.
\c@afterword=\count341
\c@savedafterword=\count342
\c@annotator=\count343
\c@savedannotator=\count344
\c@author=\count345
\c@savedauthor=\count346
\c@bookauthor=\count347
\c@savedbookauthor=\count348
\c@commentator=\count349
\c@savedcommentator=\count350
\c@editor=\count351
\c@savededitor=\count352
\c@editora=\count353
\c@savededitora=\count354
\c@editorb=\count355
\c@savededitorb=\count356
\c@editorc=\count357
\c@savededitorc=\count358
\c@foreword=\count359
\c@savedforeword=\count360
\c@holder=\count361
\c@savedholder=\count362
\c@introduction=\count363
\c@savedintroduction=\count364
\c@namea=\count365
\c@savednamea=\count366
\c@nameb=\count367
\c@savednameb=\count368
\c@namec=\count369
\c@savednamec=\count370
\c@translator=\count371
\c@savedtranslator=\count372
\c@shortauthor=\count373
\c@savedshortauthor=\count374
\c@shorteditor=\count375
\c@savedshorteditor=\count376
\c@labelname=\count377
\c@savedlabelname=\count378
\c@institution=\count379
\c@savedinstitution=\count380
\c@lista=\count381
\c@savedlista=\count382
\c@listb=\count383
\c@savedlistb=\count384
\c@listc=\count385
\c@savedlistc=\count386
\c@listd=\count387
\c@savedlistd=\count388
\c@liste=\count389
\c@savedliste=\count390
\c@listf=\count391
\c@savedlistf=\count392
\c@location=\count393
\c@savedlocation=\count394
\c@organization=\count395
\c@savedorganization=\count396
\c@origlocation=\count397
\c@savedoriglocation=\count398
\c@origpublisher=\count399
\c@savedorigpublisher=\count400
\c@publisher=\count401
\c@savedpublisher=\count402
\c@language=\count403
\c@savedlanguage=\count404
\c@origlanguage=\count405
\c@savedoriglanguage=\count406
\c@pageref=\count407
\c@savedpageref=\count408
\shorthandwidth=\skip64
\shortjournalwidth=\skip65
\shortserieswidth=\skip66
\shorttitlewidth=\skip67
\shortauthorwidth=\skip68
\shorteditorwidth=\skip69
\locallabelnumberwidth=\skip70
\locallabelalphawidth=\skip71
\localshorthandwidth=\skip72
\localshortjournalwidth=\skip73
\localshortserieswidth=\skip74
\localshorttitlewidth=\skip75
\localshortauthorwidth=\skip76
\localshorteditorwidth=\skip77
Package biblatex Info: Trying to load compatibility code...
Package biblatex Info: ... file 'blx-compat.def' found.
 (C:\Users\user\AppData\Local\Programs\MiKTeX\tex/latex/biblatex\blx-compat.def
File: blx-compat.def 2023/03/05 v3.19 biblatex compatibility (PK/MW)
)
Package biblatex Info: Trying to load generic definitions...
Package biblatex Info: ... file 'biblatex.def' found.
 (C:\Users\user\AppData\Local\Programs\MiKTeX\tex/latex/biblatex\biblatex.def
File: biblatex.def 2023/03/05 v3.19 biblatex compatibility (PK/MW)
\c@textcitecount=\count409
\c@textcitetotal=\count410
\c@textcitemaxnames=\count411
\c@biburlbigbreakpenalty=\count412
\c@biburlbreakpenalty=\count413
\c@biburlnumpenalty=\count414
\c@biburlucpenalty=\count415
\c@biburllcpenalty=\count416
\biburlbigskip=\muskip18
\biburlnumskip=\muskip19
\biburlucskip=\muskip20
\biburllcskip=\muskip21
\c@smartand=\count417
)
Package biblatex Info: Trying to load bibliography style 'numeric'...
Package biblatex Info: ... file 'numeric.bbx' found.
 (C:\Users\user\AppData\Local\Programs\MiKTeX\tex/latex/biblatex/bbx\numeric.bbx
File: numeric.bbx 2023/03/05 v3.19 biblatex bibliography style (PK/MW)
Package biblatex Info: Trying to load bibliography style 'standard'...
Package biblatex Info: ... file 'standard.bbx' found.
 (C:\Users\user\AppData\Local\Programs\MiKTeX\tex/latex/biblatex/bbx\standard.bbx
File: standard.bbx 2023/03/05 v3.19 biblatex bibliography style (PK/MW)
\c@bbx:relatedcount=\count418
\c@bbx:relatedtotal=\count419
))
Package biblatex Info: Trying to load citation style 'numeric'...
Package biblatex Info: ... file 'numeric.cbx' found.
 (C:\Users\user\AppData\Local\Programs\MiKTeX\tex/latex/biblatex/cbx\numeric.cbx
File: numeric.cbx 2023/03/05 v3.19 biblatex citation style (PK/MW)
Package biblatex Info: Redefining '\cite'.
Package biblatex Info: Redefining '\parencite'.
Package biblatex Info: Redefining '\footcite'.
Package biblatex Info: Redefining '\footcitetext'.
Package biblatex Info: Redefining '\smartcite'.
Package biblatex Info: Redefining '\supercite'.
Package biblatex Info: Redefining '\textcite'.
Package biblatex Info: Redefining '\textcites'.
Package biblatex Info: Redefining '\cites'.
Package biblatex Info: Redefining '\parencites'.
Package biblatex Info: Redefining '\smartcites'.
)
Package biblatex Info: Trying to load configuration file...
Package biblatex Info: ... file 'biblatex.cfg' found.
 (C:\Users\user\AppData\Local\Programs\MiKTeX\tex/latex/biblatex\biblatex.cfg
File: biblatex.cfg 
)
Package biblatex Info: Input encoding 'utf8' detected.
Package biblatex Info: Document encoding is UTF8 ....
 (C:\Users\user\AppData\Local\Programs\MiKTeX\tex/latex/l3kernel\expl3.sty
Package: expl3 2024-01-04 L3 programming layer (loader) 
 (C:\Users\user\AppData\Local\Programs\MiKTeX\tex/latex/l3backend\l3backend-pdftex.def
File: l3backend-pdftex.def 2024-01-04 L3 backend support: PDF output (pdfTeX)
\l__color_backend_stack_int=\count420
\l__pdf_internal_box=\box57
))
Package biblatex Info: ... and expl3
(biblatex)             2024-01-04 L3 programming layer (loader) 
(biblatex)             is new enough (at least 2020/04/06),
(biblatex)             setting 'casechanger=expl3'.
 (C:\Users\user\AppData\Local\Programs\MiKTeX\tex/latex/biblatex\blx-case-expl3.sty (C:\Users\user\AppData\Local\Programs\MiKTeX\tex/latex/l3packages/xparse\xparse.sty
Package: xparse 2023-10-10 L3 Experimental document command parser
)
Package: blx-case-expl3 2023/03/05 v3.19 expl3 case changing code for biblatex
))
\@quotelevel=\count421
\@quotereset=\count422
 (Zeeman_Effect.aux)
\openout1 = `Zeeman_Effect.aux'.

LaTeX Font Info:    Checking defaults for OML/cmm/m/it on input line 26.
LaTeX Font Info:    ... okay on input line 26.
LaTeX Font Info:    Checking defaults for OMS/cmsy/m/n on input line 26.
LaTeX Font Info:    ... okay on input line 26.
LaTeX Font Info:    Checking defaults for OT1/cmr/m/n on input line 26.
LaTeX Font Info:    ... okay on input line 26.
LaTeX Font Info:    Checking defaults for T1/cmr/m/n on input line 26.
LaTeX Font Info:    ... okay on input line 26.
LaTeX Font Info:    Checking defaults for TS1/cmr/m/n on input line 26.
LaTeX Font Info:    ... okay on input line 26.
LaTeX Font Info:    Checking defaults for OMX/cmex/m/n on input line 26.
LaTeX Font Info:    ... okay on input line 26.
LaTeX Font Info:    Checking defaults for U/cmr/m/n on input line 26.
LaTeX Font Info:    ... okay on input line 26.
LaTeX Font Info:    Checking defaults for PD1/pdf/m/n on input line 26.
LaTeX Font Info:    ... okay on input line 26.
LaTeX Font Info:    Checking defaults for PU/pdf/m/n on input line 26.
LaTeX Font Info:    ... okay on input line 26.
 (C:\Users\user\AppData\Local\Programs\MiKTeX\tex/context/base/mkii\supp-pdf.mkii
[Loading MPS to PDF converter (version 2006.09.02).]
\scratchcounter=\count423
\scratchdimen=\dimen179
\scratchbox=\box58
\nofMPsegments=\count424
\nofMParguments=\count425
\everyMPshowfont=\toks30
\MPscratchCnt=\count426
\MPscratchDim=\dimen180
\MPnumerator=\count427
\makeMPintoPDFobject=\count428
\everyMPtoPDFconversion=\toks31
) (C:\Users\user\AppData\Local\Programs\MiKTeX\tex/latex/epstopdf-pkg\epstopdf-base.sty
Package: epstopdf-base 2020-01-24 v2.11 Base part for package epstopdf
Package epstopdf-base Info: Redefining graphics rule for `.eps' on input line 485.
 (C:\Users\user\AppData\Local\Programs\MiKTeX\tex/latex/00miktex\epstopdf-sys.cfg
File: epstopdf-sys.cfg 2021/03/18 v2.0 Configuration of epstopdf for MiKTeX
))
Package hyperref Info: Link coloring OFF on input line 26.
\@outlinefile=\write4
\openout4 = `Zeeman_Effect.out'.


*geometry* driver: auto-detecting
*geometry* detected driver: pdftex
*geometry* verbose mode - [ preamble ] result:
* driver: pdftex
* paper: a4paper
* layout: <same size as paper>
* layoutoffset:(h,v)=(0.0pt,0.0pt)
* modes: 
* h-part:(L,W,R)=(72.26999pt, 452.9679pt, 72.26999pt)
* v-part:(T,H,B)=(72.26999pt, 700.50687pt, 72.26999pt)
* \paperwidth=597.50787pt
* \paperheight=845.04684pt
* \textwidth=452.9679pt
* \textheight=700.50687pt
* \oddsidemargin=0.0pt
* \evensidemargin=0.0pt
* \topmargin=-37.0pt
* \headheight=12.0pt
* \headsep=25.0pt
* \topskip=12.0pt
* \footskip=30.0pt
* \marginparwidth=35.0pt
* \marginparsep=10.0pt
* \columnsep=10.0pt
* \skip\footins=10.8pt plus 4.0pt minus 2.0pt
* \hoffset=0.0pt
* \voffset=0.0pt
* \mag=1000
* \@twocolumnfalse
* \@twosidefalse
* \@mparswitchfalse
* \@reversemarginfalse
* (1in=72.27pt=25.4mm, 1cm=28.453pt)

Package caption Info: Begin \AtBeginDocument code.
Package caption Info: End \AtBeginDocument code.
Package biblatex Info: Trying to load language 'english'...
Package biblatex Info: ... file 'english.lbx' found.
(C:\Users\user\AppData\Local\Programs\MiKTeX\tex/latex/biblatex/lbx\english.lbx
File: english.lbx 2023/03/05 v3.19 biblatex localization (PK/MW)
)
Package biblatex Info: Input encoding 'utf8' detected.
Package biblatex Info: Automatic encoding selection.
(biblatex)             Assuming data encoding 'utf8'.
\openout3 = `Zeeman_Effect.bcf'.

Package biblatex Info: Trying to load bibliographic data...
Package biblatex Info: ... file 'Zeeman_Effect.bbl' found.
 (Zeeman_Effect.bbl)
Package biblatex Info: Reference section=0 on input line 26.
Package biblatex Info: Reference segment=0 on input line 26.
LaTeX Font Info:    Trying to load font information for U+msa on input line 29.
 (C:\Users\user\AppData\Local\Programs\MiKTeX\tex/latex/amsfonts\umsa.fd
File: umsa.fd 2013/01/14 v3.01 AMS symbols A
)
LaTeX Font Info:    Trying to load font information for U+msb on input line 29.
 (C:\Users\user\AppData\Local\Programs\MiKTeX\tex/latex/amsfonts\umsb.fd
File: umsb.fd 2013/01/14 v3.01 AMS symbols B
)
No file Zeeman_Effect.toc.
\tf@toc=\write5
\openout5 = `Zeeman_Effect.toc'.

[1

{C:/Users/user/AppData/Local/MiKTeX/fonts/map/pdftex/pdftex.map}]

Package amsfonts Warning: Obsolete command \bold; \mathbf should be used instead on input line 45.


LaTeX Warning: Reference `fig:zeeman_effect_1' on page 2 undefined on input line 63.

<Zeeman_effect_1.png, id=14, 242.40562pt x 207.77625pt>
File: Zeeman_effect_1.png Graphic file (type png)
<use Zeeman_effect_1.png>
Package pdftex.def Info: Zeeman_effect_1.png  used on input line 66.
(pdftex.def)             Requested size: 226.48395pt x 194.1398pt.
[2]

LaTeX Warning: Reference `eq:zeeman_energy' on page 3 undefined on input line 80.


LaTeX Warning: Reference `eq:zeeman_transitions' on page 3 undefined on input line 88.


LaTeX Warning: Reference `fig:zeeman_comparison' on page 3 undefined on input line 95.

<Normal_Zeeman.png, id=38, 411.78844pt x 420.82219pt>
File: Normal_Zeeman.png Graphic file (type png)
<use Normal_Zeeman.png>
Package pdftex.def Info: Normal_Zeeman.png  used on input line 101.
(pdftex.def)             Requested size: 203.83417pt x 208.30441pt.
<Anomalous_Zeeman.png, id=39, 580.41844pt x 462.22687pt>
File: Anomalous_Zeeman.png Graphic file (type png)
<use Anomalous_Zeeman.png>
Package pdftex.def Info: Anomalous_Zeeman.png  used on input line 108.
(pdftex.def)             Requested size: 203.83417pt x 162.3249pt.
[3 <./Zeeman_effect_1.png>]

LaTeX Warning: Reference `fig:fabry_perot_interference' on page 4 undefined on input line 126.


LaTeX Warning: Reference `eq:fabry_perot_condition' on page 4 undefined on input line 126.

<fabry_perot_2.png, id=55, 548.80031pt x 329.73187pt>
File: fabry_perot_2.png Graphic file (type png)
<use fabry_perot_2.png>
Package pdftex.def Info: fabry_perot_2.png  used on input line 138.
(pdftex.def)             Requested size: 203.83417pt x 122.46678pt.
<fabry_perot_1.png, id=56, 633.86812pt x 258.9675pt>
File: fabry_perot_1.png Graphic file (type png)
<use fabry_perot_1.png>
Package pdftex.def Info: fabry_perot_1.png  used on input line 145.
(pdftex.def)             Requested size: 203.83417pt x 83.27434pt.
[4 <./Normal_Zeeman.png> <./Anomalous_Zeeman.png>]

LaTeX Warning: Reference `fig:fabry_perot_focusing' on page 5 undefined on input line 160.


LaTeX Warning: Reference `eq:fabry_perot_condition' on page 5 undefined on input line 165.


LaTeX Warning: Reference `eq:fabry_perot_radius' on page 5 undefined on input line 165.


LaTeX Warning: Reference `eq:fabry_perot_radius_diff' on page 5 undefined on input line 178.


LaTeX Warning: Reference `eq:fractional_orders' on page 5 undefined on input line 178.


LaTeX Warning: Reference `eq:fabry_perot_radius' on page 5 undefined on input line 183.


LaTeX Warning: Reference `eq:wave_number_diff' on page 5 undefined on input line 191.


LaTeX Warning: Reference `tab:ZeemanComparison' on page 5 undefined on input line 201.

[5 <./fabry_perot_2.png> <./fabry_perot_1.png>]

LaTeX Warning: Reference `fig:setup' on page 6 undefined on input line 245.

<setup.png, id=84, 545.78906pt x 182.93344pt>
File: setup.png Graphic file (type png)
<use setup.png>
Package pdftex.def Info: setup.png  used on input line 248.
(pdftex.def)             Requested size: 362.37569pt x 121.45938pt.

Underfull \hbox (badness 10000) in paragraph at lines 253--259

 []

[6 <./setup.png>]

LaTeX Warning: Reference `fig:tra_nor' on page 7 undefined on input line 273.


LaTeX Warning: Reference `fig:tra_ano' on page 7 undefined on input line 273.

<tra_nor_none.png, id=97, 754.9806pt x 510.2262pt>
File: tra_nor_none.png Graphic file (type png)
<use tra_nor_none.png>
Package pdftex.def Info: tra_nor_none.png  used on input line 278.
(pdftex.def)             Requested size: 163.06967pt x 110.20255pt.

Overfull \hbox (27.17793pt too wide) in paragraph at lines 278--279
[][] 
 []

<tra_nor_hor.png, id=98, 754.9806pt x 510.2262pt>
File: tra_nor_hor.png Graphic file (type png)
<use tra_nor_hor.png>
Package pdftex.def Info: tra_nor_hor.png  used on input line 284.
(pdftex.def)             Requested size: 163.06967pt x 110.20255pt.

Overfull \hbox (27.17793pt too wide) in paragraph at lines 284--285
[][] 
 []

<tra_nor_ver.png, id=99, 754.9806pt x 510.2262pt>
File: tra_nor_ver.png Graphic file (type png)
<use tra_nor_ver.png>
Package pdftex.def Info: tra_nor_ver.png  used on input line 290.
(pdftex.def)             Requested size: 163.06967pt x 110.20255pt.

Overfull \hbox (27.17793pt too wide) in paragraph at lines 290--291
[][] 
 []

<tra_ano_none.png, id=100, 754.9806pt x 510.2262pt>
File: tra_ano_none.png Graphic file (type png)
<use tra_ano_none.png>
Package pdftex.def Info: tra_ano_none.png  used on input line 301.
(pdftex.def)             Requested size: 163.06967pt x 110.20255pt.

Overfull \hbox (27.17793pt too wide) in paragraph at lines 301--302
[][] 
 []

<tra_ano_hor.png, id=101, 754.9806pt x 510.2262pt>
File: tra_ano_hor.png Graphic file (type png)
<use tra_ano_hor.png>
Package pdftex.def Info: tra_ano_hor.png  used on input line 306.
(pdftex.def)             Requested size: 163.06967pt x 110.20255pt.

Overfull \hbox (27.17793pt too wide) in paragraph at lines 306--307
[][] 
 []

<tra_ano_ver.png, id=102, 754.9806pt x 510.2262pt>
File: tra_ano_ver.png Graphic file (type png)
<use tra_ano_ver.png>
Package pdftex.def Info: tra_ano_ver.png  used on input line 311.
(pdftex.def)             Requested size: 163.06967pt x 110.20255pt.

Overfull \hbox (27.17793pt too wide) in paragraph at lines 311--312
[][] 
 []

[7 <./tra_nor_none.png (PNG copy)> <./tra_nor_hor.png (PNG copy)> <./tra_nor_ver.png (PNG copy)>]

LaTeX Warning: Reference `fig:lon_nor' on page 8 undefined on input line 318.


LaTeX Warning: Reference `fig:lon_ano' on page 8 undefined on input line 318.

<lon_nor_none.png, id=115, 754.9806pt x 510.2262pt>
File: lon_nor_none.png Graphic file (type png)
<use lon_nor_none.png>
Package pdftex.def Info: lon_nor_none.png  used on input line 323.
(pdftex.def)             Requested size: 163.06967pt x 110.20255pt.

Overfull \hbox (27.17793pt too wide) in paragraph at lines 323--324
[][] 
 []

<lon_nor_45.png, id=116, 754.9806pt x 510.2262pt>
File: lon_nor_45.png Graphic file (type png)
<use lon_nor_45.png>
Package pdftex.def Info: lon_nor_45.png  used on input line 328.
(pdftex.def)             Requested size: 163.06967pt x 110.20255pt.

Overfull \hbox (27.17793pt too wide) in paragraph at lines 328--329
[][] 
 []

<lon_nor_-45.png, id=117, 754.9806pt x 510.2262pt>
File: lon_nor_-45.png Graphic file (type png)
<use lon_nor_-45.png>
Package pdftex.def Info: lon_nor_-45.png  used on input line 333.
(pdftex.def)             Requested size: 163.06967pt x 110.20255pt.

Overfull \hbox (27.17793pt too wide) in paragraph at lines 333--334
[][] 
 []

<lon_ano_none.png, id=118, 754.9806pt x 510.2262pt>
File: lon_ano_none.png Graphic file (type png)
<use lon_ano_none.png>
Package pdftex.def Info: lon_ano_none.png  used on input line 343.
(pdftex.def)             Requested size: 163.06967pt x 110.20255pt.

Overfull \hbox (27.17793pt too wide) in paragraph at lines 343--344
[][] 
 []

<lon_ano_45.png, id=119, 754.9806pt x 510.2262pt>
File: lon_ano_45.png Graphic file (type png)
<use lon_ano_45.png>
Package pdftex.def Info: lon_ano_45.png  used on input line 348.
(pdftex.def)             Requested size: 163.06967pt x 110.20255pt.

Overfull \hbox (27.17793pt too wide) in paragraph at lines 348--349
[][] 
 []

<lon_ano_-45.png, id=120, 754.9806pt x 510.2262pt>
File: lon_ano_-45.png Graphic file (type png)
<use lon_ano_-45.png>
Package pdftex.def Info: lon_ano_-45.png  used on input line 353.
(pdftex.def)             Requested size: 163.06967pt x 110.20255pt.

Overfull \hbox (27.17793pt too wide) in paragraph at lines 353--354
[][] 
 []


LaTeX Warning: Reference `tab:magnetic field' on page 8 undefined on input line 366.

[8 <./tra_ano_none.png (PNG copy)> <./tra_ano_hor.png (PNG copy)> <./tra_ano_ver.png (PNG copy)> <./lon_nor_none.png (PNG copy)> <./lon_nor_45.png (PNG copy)> <./lon_nor_-45.png (PNG copy)> <./lon_ano_none.png (PNG copy)> <./lon_ano_45.png (PNG copy)> <./lon_ano_-45.png (PNG copy)>]

LaTeX Warning: Reference `fig:stripe with center' on page 9 undefined on input line 391.

<stripe_with_center_43.png, id=128, 754.9806pt x 510.2262pt>
File: stripe_with_center_43.png Graphic file (type png)
<use stripe_with_center_43.png>
Package pdftex.def Info: stripe_with_center_43.png  used on input line 395.
(pdftex.def)             Requested size: 452.9679pt x 306.1225pt.
[9]

LaTeX Warning: Reference `fig:horizontal intensity' on page 10 undefined on input line 400.

<horizontal_intensity_43.png, id=137, 421.575pt x 316.0608pt>
File: horizontal_intensity_43.png Graphic file (type png)
<use horizontal_intensity_43.png>
Package pdftex.def Info: horizontal_intensity_43.png  used on input line 405.
(pdftex.def)             Requested size: 217.42265pt x 163.00702pt.
<horizontal_intensity__processed_43.png, id=138, 421.575pt x 316.0608pt>
File: horizontal_intensity__processed_43.png Graphic file (type png)
<use horizontal_intensity__processed_43.png>
Package pdftex.def Info: horizontal_intensity__processed_43.png  used on input line 409.
(pdftex.def)             Requested size: 217.42265pt x 163.00702pt.

LaTeX Warning: Reference `fig:tra_nor_fiveimages' on page 10 undefined on input line 417.


LaTeX Warning: Reference `tab:tra_nor' on page 10 undefined on input line 417.


LaTeX Warning: Reference `tab:tra_nor_un' on page 10 undefined on input line 417.

[10 <./stripe_with_center_43.png (PNG copy)> <./horizontal_intensity_43.png (PNG copy)> <./horizontal_intensity__processed_43.png (PNG copy)>]
<tra_nor_stripe_43.png, id=145, 754.9806pt x 510.2262pt>
File: tra_nor_stripe_43.png Graphic file (type png)
<use tra_nor_stripe_43.png>
Package pdftex.def Info: tra_nor_stripe_43.png  used on input line 423.
(pdftex.def)             Requested size: 163.06967pt x 110.20255pt.

Overfull \hbox (27.17793pt too wide) in paragraph at lines 423--424
[][] 
 []

<tra_nor_stripe_45.png, id=146, 754.9806pt x 510.2262pt>
File: tra_nor_stripe_45.png Graphic file (type png)
<use tra_nor_stripe_45.png>
Package pdftex.def Info: tra_nor_stripe_45.png  used on input line 428.
(pdftex.def)             Requested size: 163.06967pt x 110.20255pt.

Overfull \hbox (27.17793pt too wide) in paragraph at lines 428--429
[][] 
 []

<tra_nor_stripe_48.png, id=147, 754.9806pt x 510.2262pt>
File: tra_nor_stripe_48.png Graphic file (type png)
<use tra_nor_stripe_48.png>
Package pdftex.def Info: tra_nor_stripe_48.png  used on input line 433.
(pdftex.def)             Requested size: 163.06967pt x 110.20255pt.

Overfull \hbox (27.17793pt too wide) in paragraph at lines 433--434
[][] 
 []

<tra_nor_stripe_50.png, id=148, 754.9806pt x 510.2262pt>
File: tra_nor_stripe_50.png Graphic file (type png)
<use tra_nor_stripe_50.png>
Package pdftex.def Info: tra_nor_stripe_50.png  used on input line 440.
(pdftex.def)             Requested size: 163.06967pt x 110.20255pt.

Overfull \hbox (27.17793pt too wide) in paragraph at lines 440--441
[][] 
 []

<tra_nor_stripe_53.png, id=149, 754.9806pt x 510.2262pt>
File: tra_nor_stripe_53.png Graphic file (type png)
<use tra_nor_stripe_53.png>
Package pdftex.def Info: tra_nor_stripe_53.png  used on input line 445.
(pdftex.def)             Requested size: 163.06967pt x 110.20255pt.

Overfull \hbox (27.17793pt too wide) in paragraph at lines 445--446
[][] 
 []


Overfull \hbox (5.7476pt too wide) in paragraph at lines 470--479
 [][] 
 []


LaTeX Warning: Reference `tab:tra_nor_side' on page 11 undefined on input line 481.


LaTeX Warning: Reference `tab:tra_nor_final' on page 11 undefined on input line 481.

[11 <./tra_nor_stripe_43.png (PNG copy)> <./tra_nor_stripe_45.png (PNG copy)> <./tra_nor_stripe_48.png (PNG copy)> <./tra_nor_stripe_50.png (PNG copy)> <./tra_nor_stripe_53.png (PNG copy)>]

LaTeX Warning: Reference `fig:tra_nor_data' on page 12 undefined on input line 512.

<tra_nor_d1_data.png, id=157, 421.575pt x 316.0608pt>
File: tra_nor_d1_data.png Graphic file (type png)
<use tra_nor_d1_data.png>
Package pdftex.def Info: tra_nor_d1_data.png  used on input line 517.
(pdftex.def)             Requested size: 217.42265pt x 163.00702pt.
<tra_nor_d2_data.png, id=158, 421.575pt x 316.0608pt>
File: tra_nor_d2_data.png Graphic file (type png)
<use tra_nor_d2_data.png>
Package pdftex.def Info: tra_nor_d2_data.png  used on input line 521.
(pdftex.def)             Requested size: 217.42265pt x 163.00702pt.

LaTeX Warning: Reference `eq:bohr mag' on page 12 undefined on input line 528.


LaTeX Warning: Reference `eq:bohr mag' on page 12 undefined on input line 528.


LaTeX Warning: Reference `tab:tra_nor_final_data' on page 12 undefined on input line 528.

[12 <./tra_nor_d1_data.png (PNG copy)> <./tra_nor_d2_data.png (PNG copy)>]
Overfull \hbox (17.91177pt too wide) in paragraph at lines 538--545
 [][] 
 []

<tra_ano_stripe_ver_43.png, id=167, 754.9806pt x 510.2262pt>
File: tra_ano_stripe_ver_43.png Graphic file (type png)
<use tra_ano_stripe_ver_43.png>
Package pdftex.def Info: tra_ano_stripe_ver_43.png  used on input line 555.
(pdftex.def)             Requested size: 163.06967pt x 110.20255pt.

Overfull \hbox (27.17793pt too wide) in paragraph at lines 555--556
[][] 
 []

<tra_ano_stripe_ver_45.png, id=168, 754.9806pt x 510.2262pt>
File: tra_ano_stripe_ver_45.png Graphic file (type png)
<use tra_ano_stripe_ver_45.png>
Package pdftex.def Info: tra_ano_stripe_ver_45.png  used on input line 560.
(pdftex.def)             Requested size: 163.06967pt x 110.20255pt.

Overfull \hbox (27.17793pt too wide) in paragraph at lines 560--561
[][] 
 []

<tra_ano_stripe_ver_48.png, id=169, 754.9806pt x 510.2262pt>
File: tra_ano_stripe_ver_48.png Graphic file (type png)
<use tra_ano_stripe_ver_48.png>
Package pdftex.def Info: tra_ano_stripe_ver_48.png  used on input line 565.
(pdftex.def)             Requested size: 163.06967pt x 110.20255pt.

Overfull \hbox (27.17793pt too wide) in paragraph at lines 565--566
[][] 
 []

<tra_ano_stripe_ver_50.png, id=170, 754.9806pt x 510.2262pt>
File: tra_ano_stripe_ver_50.png Graphic file (type png)
<use tra_ano_stripe_ver_50.png>
Package pdftex.def Info: tra_ano_stripe_ver_50.png  used on input line 572.
(pdftex.def)             Requested size: 163.06967pt x 110.20255pt.

Overfull \hbox (27.17793pt too wide) in paragraph at lines 572--573
[][] 
 []

<tra_ano_stripe_ver_53.png, id=171, 754.9806pt x 510.2262pt>
File: tra_ano_stripe_ver_53.png Graphic file (type png)
<use tra_ano_stripe_ver_53.png>
Package pdftex.def Info: tra_ano_stripe_ver_53.png  used on input line 577.
(pdftex.def)             Requested size: 163.06967pt x 110.20255pt.

Overfull \hbox (27.17793pt too wide) in paragraph at lines 577--578
[][] 
 []

[13 <./tra_ano_stripe_ver_43.png (PNG copy)> <./tra_ano_stripe_ver_45.png (PNG copy)> <./tra_ano_stripe_ver_48.png (PNG copy)> <./tra_ano_stripe_ver_50.png (PNG copy)> <./tra_ano_stripe_ver_53.png (PNG copy)>]
<tra_ano_ver_data.png, id=182, 421.575pt x 316.0608pt>
File: tra_ano_ver_data.png Graphic file (type png)
<use tra_ano_ver_data.png>
Package pdftex.def Info: tra_ano_ver_data.png  used on input line 645.
(pdftex.def)             Requested size: 362.37569pt x 271.6816pt.
 [14]

LaTeX Warning: Reference `eq:bohr mag_2' on page 15 undefined on input line 650.

<tra_ano_stripe_hor_43.png, id=190, 754.9806pt x 510.2262pt>
File: tra_ano_stripe_hor_43.png Graphic file (type png)
<use tra_ano_stripe_hor_43.png>
Package pdftex.def Info: tra_ano_stripe_hor_43.png  used on input line 675.
(pdftex.def)             Requested size: 163.06967pt x 110.20255pt.

Overfull \hbox (27.17793pt too wide) in paragraph at lines 675--676
[][] 
 []

<tra_ano_stripe_hor_45.png, id=191, 754.9806pt x 510.2262pt>
File: tra_ano_stripe_hor_45.png Graphic file (type png)
<use tra_ano_stripe_hor_45.png>
Package pdftex.def Info: tra_ano_stripe_hor_45.png  used on input line 680.
(pdftex.def)             Requested size: 163.06967pt x 110.20255pt.

Overfull \hbox (27.17793pt too wide) in paragraph at lines 680--681
[][] 
 []

<tra_ano_stripe_hor_48.png, id=192, 754.9806pt x 510.2262pt>
File: tra_ano_stripe_hor_48.png Graphic file (type png)
<use tra_ano_stripe_hor_48.png>
Package pdftex.def Info: tra_ano_stripe_hor_48.png  used on input line 685.
(pdftex.def)             Requested size: 163.06967pt x 110.20255pt.

Overfull \hbox (27.17793pt too wide) in paragraph at lines 685--686
[][] 
 []

<tra_ano_stripe_hor_50.png, id=193, 754.9806pt x 510.2262pt>
File: tra_ano_stripe_hor_50.png Graphic file (type png)
<use tra_ano_stripe_hor_50.png>
Package pdftex.def Info: tra_ano_stripe_hor_50.png  used on input line 692.
(pdftex.def)             Requested size: 163.06967pt x 110.20255pt.

Overfull \hbox (27.17793pt too wide) in paragraph at lines 692--693
[][] 
 []

<tra_ano_stripe_hor_53.png, id=194, 754.9806pt x 510.2262pt>
File: tra_ano_stripe_hor_53.png Graphic file (type png)
<use tra_ano_stripe_hor_53.png>
Package pdftex.def Info: tra_ano_stripe_hor_53.png  used on input line 697.
(pdftex.def)             Requested size: 163.06967pt x 110.20255pt.

Overfull \hbox (27.17793pt too wide) in paragraph at lines 697--698
[][] 
 []

[15 <./tra_ano_ver_data.png (PNG copy)>]
Overfull \hbox (5.7476pt too wide) in paragraph at lines 722--731
 [][] 
 []

[16 <./tra_ano_stripe_hor_43.png (PNG copy)> <./tra_ano_stripe_hor_45.png (PNG copy)> <./tra_ano_stripe_hor_48.png (PNG copy)> <./tra_ano_stripe_hor_50.png (PNG copy)> <./tra_ano_stripe_hor_53.png (PNG copy)>]
<tra_ano_hor_d1_data.png, id=210, 421.575pt x 316.0608pt>
File: tra_ano_hor_d1_data.png Graphic file (type png)
<use tra_ano_hor_d1_data.png>
Package pdftex.def Info: tra_ano_hor_d1_data.png  used on input line 765.
(pdftex.def)             Requested size: 217.42265pt x 163.00702pt.
<tra_ano_hor_d2_data.png, id=211, 421.575pt x 316.0608pt>
File: tra_ano_hor_d2_data.png Graphic file (type png)
<use tra_ano_hor_d2_data.png>
Package pdftex.def Info: tra_ano_hor_d2_data.png  used on input line 769.
(pdftex.def)             Requested size: 217.42265pt x 163.00702pt.


LaTeX Warning: Reference `eq:bohr mag_2' on page 17 undefined on input line 776.


Overfull \hbox (47.28647pt too wide) in paragraph at lines 786--793
 [][] 
 []


LaTeX Warning: Reference `4.2.2' on page 17 undefined on input line 795.


LaTeX Warning: Reference `4.2.4' on page 17 undefined on input line 795.

[17 <./tra_ano_hor_d1_data.png (PNG copy)> <./tra_ano_hor_d2_data.png (PNG copy)>]

c:/NTU-Modern-Physics-Experiments/Zeeman_Effect.tex:798: LaTeX Error: Unicode character 問 (U+554F)
               not set up for use with LaTeX.

See the LaTeX manual or LaTeX Companion for explanation.
Type  H <return>  for immediate help.
 ...                                              
                                                  
l.798     \section{問題討論}
                                
You may provide a definition with
\DeclareUnicodeCharacter 


c:/NTU-Modern-Physics-Experiments/Zeeman_Effect.tex:798: LaTeX Error: Unicode character 題 (U+984C)
               not set up for use with LaTeX.

See the LaTeX manual or LaTeX Companion for explanation.
Type  H <return>  for immediate help.
 ...                                              
                                                  
l.798     \section{問題討論}
                                
You may provide a definition with
\DeclareUnicodeCharacter 


c:/NTU-Modern-Physics-Experiments/Zeeman_Effect.tex:798: LaTeX Error: Unicode character 討 (U+8A0E)
               not set up for use with LaTeX.

See the LaTeX manual or LaTeX Companion for explanation.
Type  H <return>  for immediate help.
 ...                                              
                                                  
l.798     \section{問題討論}
                                
You may provide a definition with
\DeclareUnicodeCharacter 


c:/NTU-Modern-Physics-Experiments/Zeeman_Effect.tex:798: LaTeX Error: Unicode character 論 (U+8AD6)
               not set up for use with LaTeX.

See the LaTeX manual or LaTeX Companion for explanation.
Type  H <return>  for immediate help.
 ...                                              
                                                  
l.798     \section{問題討論}
                                
You may provide a definition with
\DeclareUnicodeCharacter 


c:/NTU-Modern-Physics-Experiments/Zeeman_Effect.tex:799: LaTeX Error: Unicode character 本 (U+672C)
               not set up for use with LaTeX.

See the LaTeX manual or LaTeX Companion for explanation.
Type  H <return>  for immediate help.
 ...                                              
                                                  
l.799 ...bsection{本實驗選擇鎘燈的原因?}
                                                  
You may provide a definition with
\DeclareUnicodeCharacter 


c:/NTU-Modern-Physics-Experiments/Zeeman_Effect.tex:799: LaTeX Error: Unicode character 實 (U+5BE6)
               not set up for use with LaTeX.

See the LaTeX manual or LaTeX Companion for explanation.
Type  H <return>  for immediate help.
 ...                                              
                                                  
l.799 ...bsection{本實驗選擇鎘燈的原因?}
                                                  
You may provide a definition with
\DeclareUnicodeCharacter 


c:/NTU-Modern-Physics-Experiments/Zeeman_Effect.tex:799: LaTeX Error: Unicode character 驗 (U+9A57)
               not set up for use with LaTeX.

See the LaTeX manual or LaTeX Companion for explanation.
Type  H <return>  for immediate help.
 ...                                              
                                                  
l.799 ...bsection{本實驗選擇鎘燈的原因?}
                                                  
You may provide a definition with
\DeclareUnicodeCharacter 


c:/NTU-Modern-Physics-Experiments/Zeeman_Effect.tex:799: LaTeX Error: Unicode character 選 (U+9078)
               not set up for use with LaTeX.

See the LaTeX manual or LaTeX Companion for explanation.
Type  H <return>  for immediate help.
 ...                                              
                                                  
l.799 ...bsection{本實驗選擇鎘燈的原因?}
                                                  
You may provide a definition with
\DeclareUnicodeCharacter 


c:/NTU-Modern-Physics-Experiments/Zeeman_Effect.tex:799: LaTeX Error: Unicode character 擇 (U+64C7)
               not set up for use with LaTeX.

See the LaTeX manual or LaTeX Companion for explanation.
Type  H <return>  for immediate help.
 ...                                              
                                                  
l.799 ...bsection{本實驗選擇鎘燈的原因?}
                                                  
You may provide a definition with
\DeclareUnicodeCharacter 


c:/NTU-Modern-Physics-Experiments/Zeeman_Effect.tex:799: LaTeX Error: Unicode character 鎘 (U+9398)
               not set up for use with LaTeX.

See the LaTeX manual or LaTeX Companion for explanation.
Type  H <return>  for immediate help.
 ...                                              
                                                  
l.799 ...bsection{本實驗選擇鎘燈的原因?}
                                                  
You may provide a definition with
\DeclareUnicodeCharacter 


c:/NTU-Modern-Physics-Experiments/Zeeman_Effect.tex:799: LaTeX Error: Unicode character 燈 (U+71C8)
               not set up for use with LaTeX.

See the LaTeX manual or LaTeX Companion for explanation.
Type  H <return>  for immediate help.
 ...                                              
                                                  
l.799 ...bsection{本實驗選擇鎘燈的原因?}
                                                  
You may provide a definition with
\DeclareUnicodeCharacter 


c:/NTU-Modern-Physics-Experiments/Zeeman_Effect.tex:799: LaTeX Error: Unicode character 的 (U+7684)
               not set up for use with LaTeX.

See the LaTeX manual or LaTeX Companion for explanation.
Type  H <return>  for immediate help.
 ...                                              
                                                  
l.799 ...bsection{本實驗選擇鎘燈的原因?}
                                                  
You may provide a definition with
\DeclareUnicodeCharacter 


c:/NTU-Modern-Physics-Experiments/Zeeman_Effect.tex:799: LaTeX Error: Unicode character 原 (U+539F)
               not set up for use with LaTeX.

See the LaTeX manual or LaTeX Companion for explanation.
Type  H <return>  for immediate help.
 ...                                              
                                                  
l.799 ...bsection{本實驗選擇鎘燈的原因?}
                                                  
You may provide a definition with
\DeclareUnicodeCharacter 


c:/NTU-Modern-Physics-Experiments/Zeeman_Effect.tex:799: LaTeX Error: Unicode character 因 (U+56E0)
               not set up for use with LaTeX.

See the LaTeX manual or LaTeX Companion for explanation.
Type  H <return>  for immediate help.
 ...                                              
                                                  
l.799 ...bsection{本實驗選擇鎘燈的原因?}
                                                  
You may provide a definition with
\DeclareUnicodeCharacter 


c:/NTU-Modern-Physics-Experiments/Zeeman_Effect.tex:812: LaTeX Error: Unicode character 的 (U+7684)
               not set up for use with LaTeX.

See the LaTeX manual or LaTeX Companion for explanation.
Type  H <return>  for immediate help.
 ...                                              
                                                  
l.812 ...為何?入射角扮演的意義為何?}
                                                  
You may provide a definition with
\DeclareUnicodeCharacter 


c:/NTU-Modern-Physics-Experiments/Zeeman_Effect.tex:812: LaTeX Error: Unicode character 運 (U+904B)
               not set up for use with LaTeX.

See the LaTeX manual or LaTeX Companion for explanation.
Type  H <return>  for immediate help.
 ...                                              
                                                  
l.812 ...為何?入射角扮演的意義為何?}
                                                  
You may provide a definition with
\DeclareUnicodeCharacter 


c:/NTU-Modern-Physics-Experiments/Zeeman_Effect.tex:812: LaTeX Error: Unicode character 作 (U+4F5C)
               not set up for use with LaTeX.

See the LaTeX manual or LaTeX Companion for explanation.
Type  H <return>  for immediate help.
 ...                                              
                                                  
l.812 ...為何?入射角扮演的意義為何?}
                                                  
You may provide a definition with
\DeclareUnicodeCharacter 


c:/NTU-Modern-Physics-Experiments/Zeeman_Effect.tex:812: LaTeX Error: Unicode character 原 (U+539F)
               not set up for use with LaTeX.

See the LaTeX manual or LaTeX Companion for explanation.
Type  H <return>  for immediate help.
 ...                                              
                                                  
l.812 ...為何?入射角扮演的意義為何?}
                                                  
You may provide a definition with
\DeclareUnicodeCharacter 


c:/NTU-Modern-Physics-Experiments/Zeeman_Effect.tex:812: LaTeX Error: Unicode character 理 (U+7406)
               not set up for use with LaTeX.

See the LaTeX manual or LaTeX Companion for explanation.
Type  H <return>  for immediate help.
 ...                                              
                                                  
l.812 ...為何?入射角扮演的意義為何?}
                                                  
You may provide a definition with
\DeclareUnicodeCharacter 


c:/NTU-Modern-Physics-Experiments/Zeeman_Effect.tex:812: LaTeX Error: Unicode character 為 (U+70BA)
               not set up for use with LaTeX.

See the LaTeX manual or LaTeX Companion for explanation.
Type  H <return>  for immediate help.
 ...                                              
                                                  
l.812 ...為何?入射角扮演的意義為何?}
                                                  
You may provide a definition with
\DeclareUnicodeCharacter 


c:/NTU-Modern-Physics-Experiments/Zeeman_Effect.tex:812: LaTeX Error: Unicode character 何 (U+4F55)
               not set up for use with LaTeX.

See the LaTeX manual or LaTeX Companion for explanation.
Type  H <return>  for immediate help.
 ...                                              
                                                  
l.812 ...為何?入射角扮演的意義為何?}
                                                  
You may provide a definition with
\DeclareUnicodeCharacter 


c:/NTU-Modern-Physics-Experiments/Zeeman_Effect.tex:812: LaTeX Error: Unicode character 入 (U+5165)
               not set up for use with LaTeX.

See the LaTeX manual or LaTeX Companion for explanation.
Type  H <return>  for immediate help.
 ...                                              
                                                  
l.812 ...為何?入射角扮演的意義為何?}
                                                  
You may provide a definition with
\DeclareUnicodeCharacter 


c:/NTU-Modern-Physics-Experiments/Zeeman_Effect.tex:812: LaTeX Error: Unicode character 射 (U+5C04)
               not set up for use with LaTeX.

See the LaTeX manual or LaTeX Companion for explanation.
Type  H <return>  for immediate help.
 ...                                              
                                                  
l.812 ...為何?入射角扮演的意義為何?}
                                                  
You may provide a definition with
\DeclareUnicodeCharacter 


c:/NTU-Modern-Physics-Experiments/Zeeman_Effect.tex:812: LaTeX Error: Unicode character 角 (U+89D2)
               not set up for use with LaTeX.

See the LaTeX manual or LaTeX Companion for explanation.
Type  H <return>  for immediate help.
 ...                                              
                                                  
l.812 ...為何?入射角扮演的意義為何?}
                                                  
You may provide a definition with
\DeclareUnicodeCharacter 


c:/NTU-Modern-Physics-Experiments/Zeeman_Effect.tex:812: LaTeX Error: Unicode character 扮 (U+626E)
               not set up for use with LaTeX.

See the LaTeX manual or LaTeX Companion for explanation.
Type  H <return>  for immediate help.
 ...                                              
                                                  
l.812 ...為何?入射角扮演的意義為何?}
                                                  
You may provide a definition with
\DeclareUnicodeCharacter 


c:/NTU-Modern-Physics-Experiments/Zeeman_Effect.tex:812: LaTeX Error: Unicode character 演 (U+6F14)
               not set up for use with LaTeX.

See the LaTeX manual or LaTeX Companion for explanation.
Type  H <return>  for immediate help.
 ...                                              
                                                  
l.812 ...為何?入射角扮演的意義為何?}
                                                  
You may provide a definition with
\DeclareUnicodeCharacter 


c:/NTU-Modern-Physics-Experiments/Zeeman_Effect.tex:812: LaTeX Error: Unicode character 的 (U+7684)
               not set up for use with LaTeX.

See the LaTeX manual or LaTeX Companion for explanation.
Type  H <return>  for immediate help.
 ...                                              
                                                  
l.812 ...為何?入射角扮演的意義為何?}
                                                  
You may provide a definition with
\DeclareUnicodeCharacter 


c:/NTU-Modern-Physics-Experiments/Zeeman_Effect.tex:812: LaTeX Error: Unicode character 意 (U+610F)
               not set up for use with LaTeX.

See the LaTeX manual or LaTeX Companion for explanation.
Type  H <return>  for immediate help.
 ...                                              
                                                  
l.812 ...為何?入射角扮演的意義為何?}
                                                  
You may provide a definition with
\DeclareUnicodeCharacter 


c:/NTU-Modern-Physics-Experiments/Zeeman_Effect.tex:812: LaTeX Error: Unicode character 義 (U+7FA9)
               not set up for use with LaTeX.

See the LaTeX manual or LaTeX Companion for explanation.
Type  H <return>  for immediate help.
 ...                                              
                                                  
l.812 ...為何?入射角扮演的意義為何?}
                                                  
You may provide a definition with
\DeclareUnicodeCharacter 


c:/NTU-Modern-Physics-Experiments/Zeeman_Effect.tex:812: LaTeX Error: Unicode character 為 (U+70BA)
               not set up for use with LaTeX.

See the LaTeX manual or LaTeX Companion for explanation.
Type  H <return>  for immediate help.
 ...                                              
                                                  
l.812 ...為何?入射角扮演的意義為何?}
                                                  
You may provide a definition with
\DeclareUnicodeCharacter 


c:/NTU-Modern-Physics-Experiments/Zeeman_Effect.tex:812: LaTeX Error: Unicode character 何 (U+4F55)
               not set up for use with LaTeX.

See the LaTeX manual or LaTeX Companion for explanation.
Type  H <return>  for immediate help.
 ...                                              
                                                  
l.812 ...為何?入射角扮演的意義為何?}
                                                  
You may provide a definition with
\DeclareUnicodeCharacter 


LaTeX Warning: Reference `fig:reflection' on page 18 undefined on input line 813.


LaTeX Warning: Reference `eq:refraction' on page 18 undefined on input line 813.


LaTeX Warning: Reference `eq:pth radius' on page 18 undefined on input line 813.


LaTeX Warning: Reference `fig:fabry-perot' on page 18 undefined on input line 813.

<reflection.png, id=221, 534.49687pt x 425.33907pt>
File: reflection.png Graphic file (type png)
<use reflection.png>
Package pdftex.def Info: reflection.png  used on input line 835.
(pdftex.def)             Requested size: 203.83417pt x 162.20813pt.
<faby-perot refraction.png, id=222, 794.97pt x 381.67593pt>
File: faby-perot refraction.png Graphic file (type png)
<use faby-perot refraction.png>
Package pdftex.def Info: faby-perot refraction.png  used on input line 842.
(pdftex.def)             Requested size: 203.83417pt x 97.86478pt.
[18]

c:/NTU-Modern-Physics-Experiments/Zeeman_Effect.tex:849: LaTeX Error: Unicode character 的 (U+7684)
               not set up for use with LaTeX.

See the LaTeX manual or LaTeX Companion for explanation.
Type  H <return>  for immediate help.
 ...                                              
                                                  
l.849 ...lambda/4$的玻片在實驗中的意義?}
                                                  
You may provide a definition with
\DeclareUnicodeCharacter 


c:/NTU-Modern-Physics-Experiments/Zeeman_Effect.tex:849: LaTeX Error: Unicode character 玻 (U+73BB)
               not set up for use with LaTeX.

See the LaTeX manual or LaTeX Companion for explanation.
Type  H <return>  for immediate help.
 ...                                              
                                                  
l.849 ...lambda/4$的玻片在實驗中的意義?}
                                                  
You may provide a definition with
\DeclareUnicodeCharacter 


c:/NTU-Modern-Physics-Experiments/Zeeman_Effect.tex:849: LaTeX Error: Unicode character 片 (U+7247)
               not set up for use with LaTeX.

See the LaTeX manual or LaTeX Companion for explanation.
Type  H <return>  for immediate help.
 ...                                              
                                                  
l.849 ...lambda/4$的玻片在實驗中的意義?}
                                                  
You may provide a definition with
\DeclareUnicodeCharacter 


c:/NTU-Modern-Physics-Experiments/Zeeman_Effect.tex:849: LaTeX Error: Unicode character 在 (U+5728)
               not set up for use with LaTeX.

See the LaTeX manual or LaTeX Companion for explanation.
Type  H <return>  for immediate help.
 ...                                              
                                                  
l.849 ...lambda/4$的玻片在實驗中的意義?}
                                                  
You may provide a definition with
\DeclareUnicodeCharacter 


c:/NTU-Modern-Physics-Experiments/Zeeman_Effect.tex:849: LaTeX Error: Unicode character 實 (U+5BE6)
               not set up for use with LaTeX.

See the LaTeX manual or LaTeX Companion for explanation.
Type  H <return>  for immediate help.
 ...                                              
                                                  
l.849 ...lambda/4$的玻片在實驗中的意義?}
                                                  
You may provide a definition with
\DeclareUnicodeCharacter 


c:/NTU-Modern-Physics-Experiments/Zeeman_Effect.tex:849: LaTeX Error: Unicode character 驗 (U+9A57)
               not set up for use with LaTeX.

See the LaTeX manual or LaTeX Companion for explanation.
Type  H <return>  for immediate help.
 ...                                              
                                                  
l.849 ...lambda/4$的玻片在實驗中的意義?}
                                                  
You may provide a definition with
\DeclareUnicodeCharacter 


c:/NTU-Modern-Physics-Experiments/Zeeman_Effect.tex:849: LaTeX Error: Unicode character 中 (U+4E2D)
               not set up for use with LaTeX.

See the LaTeX manual or LaTeX Companion for explanation.
Type  H <return>  for immediate help.
 ...                                              
                                                  
l.849 ...lambda/4$的玻片在實驗中的意義?}
                                                  
You may provide a definition with
\DeclareUnicodeCharacter 


c:/NTU-Modern-Physics-Experiments/Zeeman_Effect.tex:849: LaTeX Error: Unicode character 的 (U+7684)
               not set up for use with LaTeX.

See the LaTeX manual or LaTeX Companion for explanation.
Type  H <return>  for immediate help.
 ...                                              
                                                  
l.849 ...lambda/4$的玻片在實驗中的意義?}
                                                  
You may provide a definition with
\DeclareUnicodeCharacter 


c:/NTU-Modern-Physics-Experiments/Zeeman_Effect.tex:849: LaTeX Error: Unicode character 意 (U+610F)
               not set up for use with LaTeX.

See the LaTeX manual or LaTeX Companion for explanation.
Type  H <return>  for immediate help.
 ...                                              
                                                  
l.849 ...lambda/4$的玻片在實驗中的意義?}
                                                  
You may provide a definition with
\DeclareUnicodeCharacter 


c:/NTU-Modern-Physics-Experiments/Zeeman_Effect.tex:849: LaTeX Error: Unicode character 義 (U+7FA9)
               not set up for use with LaTeX.

See the LaTeX manual or LaTeX Companion for explanation.
Type  H <return>  for immediate help.
 ...                                              
                                                  
l.849 ...lambda/4$的玻片在實驗中的意義?}
                                                  
You may provide a definition with
\DeclareUnicodeCharacter 


Package hyperref Warning: Token not allowed in a PDF string (Unicode):
(hyperref)                removing `math shift' on input line 849.


Package hyperref Warning: Token not allowed in a PDF string (Unicode):
(hyperref)                removing `\lambda' on input line 849.


Package hyperref Warning: Token not allowed in a PDF string (Unicode):
(hyperref)                removing `math shift' on input line 849.

c:/NTU-Modern-Physics-Experiments/Zeeman_Effect.tex:857: Undefined control sequence.
l.857         \toprule
                      
The control sequence at the end of the top line
of your error message was never \def'ed. If you have
misspelled it (e.g., `\hobx'), type `I' and the correct
spelling (e.g., `I\hbox'). Otherwise just continue,
and I'll forget about whatever was undefined.

c:/NTU-Modern-Physics-Experiments/Zeeman_Effect.tex:859: Undefined control sequence.
<recently read> \midrule 
                         
l.859         \midrule
                      
The control sequence at the end of the top line
of your error message was never \def'ed. If you have
misspelled it (e.g., `\hobx'), type `I' and the correct
spelling (e.g., `I\hbox'). Otherwise just continue,
and I'll forget about whatever was undefined.

c:/NTU-Modern-Physics-Experiments/Zeeman_Effect.tex:863: Undefined control sequence.
<recently read> \bottomrule 
                            
l.863         \bottomrule
                         
The control sequence at the end of the top line
of your error message was never \def'ed. If you have
misspelled it (e.g., `\hobx'), type `I' and the correct
spelling (e.g., `I\hbox'). Otherwise just continue,
and I'll forget about whatever was undefined.


Overfull \hbox (6.2693pt too wide) in paragraph at lines 856--865
 [] 
 []


c:/NTU-Modern-Physics-Experiments/Zeeman_Effect.tex:882: LaTeX Error: Unicode character 為 (U+70BA)
               not set up for use with LaTeX.

See the LaTeX manual or LaTeX Companion for explanation.
Type  H <return>  for immediate help.
 ...                                              
                                                  
l.882 ...election rule的物理機制並推導之}
                                                  
You may provide a definition with
\DeclareUnicodeCharacter 


c:/NTU-Modern-Physics-Experiments/Zeeman_Effect.tex:882: LaTeX Error: Unicode character 何 (U+4F55)
               not set up for use with LaTeX.

See the LaTeX manual or LaTeX Companion for explanation.
Type  H <return>  for immediate help.
 ...                                              
                                                  
l.882 ...election rule的物理機制並推導之}
                                                  
You may provide a definition with
\DeclareUnicodeCharacter 


c:/NTU-Modern-Physics-Experiments/Zeeman_Effect.tex:882: LaTeX Error: Unicode character 能 (U+80FD)
               not set up for use with LaTeX.

See the LaTeX manual or LaTeX Companion for explanation.
Type  H <return>  for immediate help.
 ...                                              
                                                  
l.882 ...election rule的物理機制並推導之}
                                                  
You may provide a definition with
\DeclareUnicodeCharacter 


c:/NTU-Modern-Physics-Experiments/Zeeman_Effect.tex:882: LaTeX Error: Unicode character 階 (U+968E)
               not set up for use with LaTeX.

See the LaTeX manual or LaTeX Companion for explanation.
Type  H <return>  for immediate help.
 ...                                              
                                                  
l.882 ...election rule的物理機制並推導之}
                                                  
You may provide a definition with
\DeclareUnicodeCharacter 


c:/NTU-Modern-Physics-Experiments/Zeeman_Effect.tex:882: LaTeX Error: Unicode character 躍 (U+8E8D)
               not set up for use with LaTeX.

See the LaTeX manual or LaTeX Companion for explanation.
Type  H <return>  for immediate help.
 ...                                              
                                                  
l.882 ...election rule的物理機制並推導之}
                                                  
You may provide a definition with
\DeclareUnicodeCharacter 


c:/NTU-Modern-Physics-Experiments/Zeeman_Effect.tex:882: LaTeX Error: Unicode character 遷 (U+9077)
               not set up for use with LaTeX.

See the LaTeX manual or LaTeX Companion for explanation.
Type  H <return>  for immediate help.
 ...                                              
                                                  
l.882 ...election rule的物理機制並推導之}
                                                  
You may provide a definition with
\DeclareUnicodeCharacter 


c:/NTU-Modern-Physics-Experiments/Zeeman_Effect.tex:882: LaTeX Error: Unicode character 不 (U+4E0D)
               not set up for use with LaTeX.

See the LaTeX manual or LaTeX Companion for explanation.
Type  H <return>  for immediate help.
 ...                                              
                                                  
l.882 ...election rule的物理機制並推導之}
                                                  
You may provide a definition with
\DeclareUnicodeCharacter 


c:/NTU-Modern-Physics-Experiments/Zeeman_Effect.tex:882: LaTeX Error: Unicode character 是 (U+662F)
               not set up for use with LaTeX.

See the LaTeX manual or LaTeX Companion for explanation.
Type  H <return>  for immediate help.
 ...                                              
                                                  
l.882 ...election rule的物理機制並推導之}
                                                  
You may provide a definition with
\DeclareUnicodeCharacter 


c:/NTU-Modern-Physics-Experiments/Zeeman_Effect.tex:882: LaTeX Error: Unicode character 任 (U+4EFB)
               not set up for use with LaTeX.

See the LaTeX manual or LaTeX Companion for explanation.
Type  H <return>  for immediate help.
 ...                                              
                                                  
l.882 ...election rule的物理機制並推導之}
                                                  
You may provide a definition with
\DeclareUnicodeCharacter 


c:/NTU-Modern-Physics-Experiments/Zeeman_Effect.tex:882: LaTeX Error: Unicode character 意 (U+610F)
               not set up for use with LaTeX.

See the LaTeX manual or LaTeX Companion for explanation.
Type  H <return>  for immediate help.
 ...                                              
                                                  
l.882 ...election rule的物理機制並推導之}
                                                  
You may provide a definition with
\DeclareUnicodeCharacter 


c:/NTU-Modern-Physics-Experiments/Zeeman_Effect.tex:882: LaTeX Error: Unicode character 兩 (U+5169)
               not set up for use with LaTeX.

See the LaTeX manual or LaTeX Companion for explanation.
Type  H <return>  for immediate help.
 ...                                              
                                                  
l.882 ...election rule的物理機制並推導之}
                                                  
You may provide a definition with
\DeclareUnicodeCharacter 


c:/NTU-Modern-Physics-Experiments/Zeeman_Effect.tex:882: LaTeX Error: Unicode character 能 (U+80FD)
               not set up for use with LaTeX.

See the LaTeX manual or LaTeX Companion for explanation.
Type  H <return>  for immediate help.
 ...                                              
                                                  
l.882 ...election rule的物理機制並推導之}
                                                  
You may provide a definition with
\DeclareUnicodeCharacter 


c:/NTU-Modern-Physics-Experiments/Zeeman_Effect.tex:882: LaTeX Error: Unicode character 階 (U+968E)
               not set up for use with LaTeX.

See the LaTeX manual or LaTeX Companion for explanation.
Type  H <return>  for immediate help.
 ...                                              
                                                  
l.882 ...election rule的物理機制並推導之}
                                                  
You may provide a definition with
\DeclareUnicodeCharacter 


c:/NTU-Modern-Physics-Experiments/Zeeman_Effect.tex:882: LaTeX Error: Unicode character 都 (U+90FD)
               not set up for use with LaTeX.

See the LaTeX manual or LaTeX Companion for explanation.
Type  H <return>  for immediate help.
 ...                                              
                                                  
l.882 ...election rule的物理機制並推導之}
                                                  
You may provide a definition with
\DeclareUnicodeCharacter 


c:/NTU-Modern-Physics-Experiments/Zeeman_Effect.tex:882: LaTeX Error: Unicode character 可 (U+53EF)
               not set up for use with LaTeX.

See the LaTeX manual or LaTeX Companion for explanation.
Type  H <return>  for immediate help.
 ...                                              
                                                  
l.882 ...election rule的物理機制並推導之}
                                                  
You may provide a definition with
\DeclareUnicodeCharacter 


c:/NTU-Modern-Physics-Experiments/Zeeman_Effect.tex:882: LaTeX Error: Unicode character 以 (U+4EE5)
               not set up for use with LaTeX.

See the LaTeX manual or LaTeX Companion for explanation.
Type  H <return>  for immediate help.
 ...                                              
                                                  
l.882 ...election rule的物理機制並推導之}
                                                  
You may provide a definition with
\DeclareUnicodeCharacter 


c:/NTU-Modern-Physics-Experiments/Zeeman_Effect.tex:882: LaTeX Error: Unicode character ， (U+FF0C)
               not set up for use with LaTeX.

See the LaTeX manual or LaTeX Companion for explanation.
Type  H <return>  for immediate help.
 ...                                              
                                                  
l.882 ...election rule的物理機制並推導之}
                                                  
You may provide a definition with
\DeclareUnicodeCharacter 


c:/NTU-Modern-Physics-Experiments/Zeeman_Effect.tex:882: LaTeX Error: Unicode character 說 (U+8AAA)
               not set up for use with LaTeX.

See the LaTeX manual or LaTeX Companion for explanation.
Type  H <return>  for immediate help.
 ...                                              
                                                  
l.882 ...election rule的物理機制並推導之}
                                                  
You may provide a definition with
\DeclareUnicodeCharacter 


c:/NTU-Modern-Physics-Experiments/Zeeman_Effect.tex:882: LaTeX Error: Unicode character 明 (U+660E)
               not set up for use with LaTeX.

See the LaTeX manual or LaTeX Companion for explanation.
Type  H <return>  for immediate help.
 ...                                              
                                                  
l.882 ...election rule的物理機制並推導之}
                                                  
You may provide a definition with
\DeclareUnicodeCharacter 


c:/NTU-Modern-Physics-Experiments/Zeeman_Effect.tex:882: LaTeX Error: Unicode character 的 (U+7684)
               not set up for use with LaTeX.

See the LaTeX manual or LaTeX Companion for explanation.
Type  H <return>  for immediate help.
 ...                                              
                                                  
l.882 ...election rule的物理機制並推導之}
                                                  
You may provide a definition with
\DeclareUnicodeCharacter 


c:/NTU-Modern-Physics-Experiments/Zeeman_Effect.tex:882: LaTeX Error: Unicode character 物 (U+7269)
               not set up for use with LaTeX.

See the LaTeX manual or LaTeX Companion for explanation.
Type  H <return>  for immediate help.
 ...                                              
                                                  
l.882 ...election rule的物理機制並推導之}
                                                  
You may provide a definition with
\DeclareUnicodeCharacter 


c:/NTU-Modern-Physics-Experiments/Zeeman_Effect.tex:882: LaTeX Error: Unicode character 理 (U+7406)
               not set up for use with LaTeX.

See the LaTeX manual or LaTeX Companion for explanation.
Type  H <return>  for immediate help.
 ...                                              
                                                  
l.882 ...election rule的物理機制並推導之}
                                                  
You may provide a definition with
\DeclareUnicodeCharacter 


c:/NTU-Modern-Physics-Experiments/Zeeman_Effect.tex:882: LaTeX Error: Unicode character 機 (U+6A5F)
               not set up for use with LaTeX.

See the LaTeX manual or LaTeX Companion for explanation.
Type  H <return>  for immediate help.
 ...                                              
                                                  
l.882 ...election rule的物理機制並推導之}
                                                  
You may provide a definition with
\DeclareUnicodeCharacter 


c:/NTU-Modern-Physics-Experiments/Zeeman_Effect.tex:882: LaTeX Error: Unicode character 制 (U+5236)
               not set up for use with LaTeX.

See the LaTeX manual or LaTeX Companion for explanation.
Type  H <return>  for immediate help.
 ...                                              
                                                  
l.882 ...election rule的物理機制並推導之}
                                                  
You may provide a definition with
\DeclareUnicodeCharacter 


c:/NTU-Modern-Physics-Experiments/Zeeman_Effect.tex:882: LaTeX Error: Unicode character 並 (U+4E26)
               not set up for use with LaTeX.

See the LaTeX manual or LaTeX Companion for explanation.
Type  H <return>  for immediate help.
 ...                                              
                                                  
l.882 ...election rule的物理機制並推導之}
                                                  
You may provide a definition with
\DeclareUnicodeCharacter 


c:/NTU-Modern-Physics-Experiments/Zeeman_Effect.tex:882: LaTeX Error: Unicode character 推 (U+63A8)
               not set up for use with LaTeX.

See the LaTeX manual or LaTeX Companion for explanation.
Type  H <return>  for immediate help.
 ...                                              
                                                  
l.882 ...election rule的物理機制並推導之}
                                                  
You may provide a definition with
\DeclareUnicodeCharacter 


c:/NTU-Modern-Physics-Experiments/Zeeman_Effect.tex:882: LaTeX Error: Unicode character 導 (U+5C0E)
               not set up for use with LaTeX.

See the LaTeX manual or LaTeX Companion for explanation.
Type  H <return>  for immediate help.
 ...                                              
                                                  
l.882 ...election rule的物理機制並推導之}
                                                  
You may provide a definition with
\DeclareUnicodeCharacter 


c:/NTU-Modern-Physics-Experiments/Zeeman_Effect.tex:882: LaTeX Error: Unicode character 之 (U+4E4B)
               not set up for use with LaTeX.

See the LaTeX manual or LaTeX Companion for explanation.
Type  H <return>  for immediate help.
 ...                                              
                                                  
l.882 ...election rule的物理機制並推導之}
                                                  
You may provide a definition with
\DeclareUnicodeCharacter 


LaTeX Warning: Reference `eq:selection rule' on page 19 undefined on input line 883.

[19 <./reflection.png> <./faby-perot refraction.png>]

c:/NTU-Modern-Physics-Experiments/Zeeman_Effect.tex:893: LaTeX Error: Unicode character 四 (U+56DB)
               not set up for use with LaTeX.

See the LaTeX manual or LaTeX Companion for explanation.
Type  H <return>  for immediate help.
 ...                                              
                                                  
l.893 ...{四個凸透鏡組跟CCD的用途為何}
                                                  
You may provide a definition with
\DeclareUnicodeCharacter 


c:/NTU-Modern-Physics-Experiments/Zeeman_Effect.tex:893: LaTeX Error: Unicode character 個 (U+500B)
               not set up for use with LaTeX.

See the LaTeX manual or LaTeX Companion for explanation.
Type  H <return>  for immediate help.
 ...                                              
                                                  
l.893 ...{四個凸透鏡組跟CCD的用途為何}
                                                  
You may provide a definition with
\DeclareUnicodeCharacter 


c:/NTU-Modern-Physics-Experiments/Zeeman_Effect.tex:893: LaTeX Error: Unicode character 凸 (U+51F8)
               not set up for use with LaTeX.

See the LaTeX manual or LaTeX Companion for explanation.
Type  H <return>  for immediate help.
 ...                                              
                                                  
l.893 ...{四個凸透鏡組跟CCD的用途為何}
                                                  
You may provide a definition with
\DeclareUnicodeCharacter 


c:/NTU-Modern-Physics-Experiments/Zeeman_Effect.tex:893: LaTeX Error: Unicode character 透 (U+900F)
               not set up for use with LaTeX.

See the LaTeX manual or LaTeX Companion for explanation.
Type  H <return>  for immediate help.
 ...                                              
                                                  
l.893 ...{四個凸透鏡組跟CCD的用途為何}
                                                  
You may provide a definition with
\DeclareUnicodeCharacter 


c:/NTU-Modern-Physics-Experiments/Zeeman_Effect.tex:893: LaTeX Error: Unicode character 鏡 (U+93E1)
               not set up for use with LaTeX.

See the LaTeX manual or LaTeX Companion for explanation.
Type  H <return>  for immediate help.
 ...                                              
                                                  
l.893 ...{四個凸透鏡組跟CCD的用途為何}
                                                  
You may provide a definition with
\DeclareUnicodeCharacter 


c:/NTU-Modern-Physics-Experiments/Zeeman_Effect.tex:893: LaTeX Error: Unicode character 組 (U+7D44)
               not set up for use with LaTeX.

See the LaTeX manual or LaTeX Companion for explanation.
Type  H <return>  for immediate help.
 ...                                              
                                                  
l.893 ...{四個凸透鏡組跟CCD的用途為何}
                                                  
You may provide a definition with
\DeclareUnicodeCharacter 


c:/NTU-Modern-Physics-Experiments/Zeeman_Effect.tex:893: LaTeX Error: Unicode character 跟 (U+8DDF)
               not set up for use with LaTeX.

See the LaTeX manual or LaTeX Companion for explanation.
Type  H <return>  for immediate help.
 ...                                              
                                                  
l.893 ...{四個凸透鏡組跟CCD的用途為何}
                                                  
You may provide a definition with
\DeclareUnicodeCharacter 


c:/NTU-Modern-Physics-Experiments/Zeeman_Effect.tex:893: LaTeX Error: Unicode character 的 (U+7684)
               not set up for use with LaTeX.

See the LaTeX manual or LaTeX Companion for explanation.
Type  H <return>  for immediate help.
 ...                                              
                                                  
l.893 ...{四個凸透鏡組跟CCD的用途為何}
                                                  
You may provide a definition with
\DeclareUnicodeCharacter 


c:/NTU-Modern-Physics-Experiments/Zeeman_Effect.tex:893: LaTeX Error: Unicode character 用 (U+7528)
               not set up for use with LaTeX.

See the LaTeX manual or LaTeX Companion for explanation.
Type  H <return>  for immediate help.
 ...                                              
                                                  
l.893 ...{四個凸透鏡組跟CCD的用途為何}
                                                  
You may provide a definition with
\DeclareUnicodeCharacter 


c:/NTU-Modern-Physics-Experiments/Zeeman_Effect.tex:893: LaTeX Error: Unicode character 途 (U+9014)
               not set up for use with LaTeX.

See the LaTeX manual or LaTeX Companion for explanation.
Type  H <return>  for immediate help.
 ...                                              
                                                  
l.893 ...{四個凸透鏡組跟CCD的用途為何}
                                                  
You may provide a definition with
\DeclareUnicodeCharacter 


c:/NTU-Modern-Physics-Experiments/Zeeman_Effect.tex:893: LaTeX Error: Unicode character 為 (U+70BA)
               not set up for use with LaTeX.

See the LaTeX manual or LaTeX Companion for explanation.
Type  H <return>  for immediate help.
 ...                                              
                                                  
l.893 ...{四個凸透鏡組跟CCD的用途為何}
                                                  
You may provide a definition with
\DeclareUnicodeCharacter 


c:/NTU-Modern-Physics-Experiments/Zeeman_Effect.tex:893: LaTeX Error: Unicode character 何 (U+4F55)
               not set up for use with LaTeX.

See the LaTeX manual or LaTeX Companion for explanation.
Type  H <return>  for immediate help.
 ...                                              
                                                  
l.893 ...{四個凸透鏡組跟CCD的用途為何}
                                                  
You may provide a definition with
\DeclareUnicodeCharacter 

[20] (Zeeman_Effect.aux)
 ***********
LaTeX2e <2023-11-01> patch level 1
L3 programming layer <2024-01-04>
 ***********


LaTeX Warning: There were undefined references.


LaTeX Warning: Label(s) may have changed. Rerun to get cross-references right.


Package rerunfilecheck Warning: File `Zeeman_Effect.out' has changed.
(rerunfilecheck)                Rerun to get outlines right
(rerunfilecheck)                or use package `bookmark'.

Package rerunfilecheck Info: Checksums for `Zeeman_Effect.out':
(rerunfilecheck)             Before: <no file>
(rerunfilecheck)             After:  BC31E00A0E0CB89D83F08759F27F5A2A;4609.

Package biblatex Warning: Please (re)run Biber on the file:
(biblatex)                Zeeman_Effect
(biblatex)                and rerun LaTeX afterwards.

Package logreq Info: Writing requests to 'Zeeman_Effect.run.xml'.
\openout1 = `Zeeman_Effect.run.xml'.

 ) 
Here is how much of TeX's memory you used:
 19579 strings out of 474486
 345427 string characters out of 5744228
 1947542 words of memory out of 5000000
 41539 multiletter control sequences out of 15000+600000
 571565 words of font info for 87 fonts, out of 8000000 for 9000
 1141 hyphenation exceptions out of 8191
 75i,18n,81p,1172b,1495s stack positions out of 10000i,1000n,20000p,200000b,200000s
 <C:\Users\user\AppData\Local\MiKTeX\fonts/pk/ljfour/jknappen/ec/dpi600\tcrm1200.pk><C:/Users/user/AppData/Local/Programs/MiKTeX/fonts/type1/public/amsfonts/cm/cmbx10.pfb><C:/Users/user/AppData/Local/Programs/MiKTeX/fonts/type1/public/amsfonts/cm/cmbx12.pfb><C:/Users/user/AppData/Local/Programs/MiKTeX/fonts/type1/public/amsfonts/cm/cmex10.pfb><C:/Users/user/AppData/Local/Programs/MiKTeX/fonts/type1/public/amsfonts/cm/cmmi10.pfb><C:/Users/user/AppData/Local/Programs/MiKTeX/fonts/type1/public/amsfonts/cm/cmmi12.pfb><C:/Users/user/AppData/Local/Programs/MiKTeX/fonts/type1/public/amsfonts/cm/cmmi6.pfb><C:/Users/user/AppData/Local/Programs/MiKTeX/fonts/type1/public/amsfonts/cm/cmmi8.pfb><C:/Users/user/AppData/Local/Programs/MiKTeX/fonts/type1/public/amsfonts/cm/cmr10.pfb><C:/Users/user/AppData/Local/Programs/MiKTeX/fonts/type1/public/amsfonts/cm/cmr12.pfb><C:/Users/user/AppData/Local/Programs/MiKTeX/fonts/type1/public/amsfonts/cm/cmr17.pfb><C:/Users/user/AppData/Local/Programs/MiKTeX/fonts/type1/public/amsfonts/cm/cmr6.pfb><C:/Users/user/AppData/Local/Programs/MiKTeX/fonts/type1/public/amsfonts/cm/cmr8.pfb><C:/Users/user/AppData/Local/Programs/MiKTeX/fonts/type1/public/amsfonts/cm/cmsy10.pfb><C:/Users/user/AppData/Local/Programs/MiKTeX/fonts/type1/public/amsfonts/cm/cmsy8.pfb><C:/Users/user/AppData/Local/Programs/MiKTeX/fonts/type1/public/amsfonts/cm/cmti12.pfb><C:/Users/user/AppData/Local/Programs/MiKTeX/fonts/type1/public/amsfonts/symbols/msbm10.pfb>
Output written on Zeeman_Effect.pdf (20 pages, 18492125 bytes).
PDF statistics:
 361 PDF objects out of 1000 (max. 8388607)
 124 named destinations out of 1000 (max. 500000)
 216 words of extra memory for PDF output out of 10000 (max. 10000000)

