\BOOKMARK [1][-]{section.1}{\376\377\000I\000n\000t\000r\000o\000d\000u\000c\000t\000i\000o\000n}{}% 1
\BOOKMARK [1][-]{section.2}{\376\377\000T\000h\000e\000o\000r\000y}{}% 2
\BOOKMARK [2][-]{subsection.2.1}{\376\377\000Z\000e\000e\000m\000a\000n\000\040\000E\000f\000f\000e\000c\000t}{section.2}% 3
\BOOKMARK [2][-]{subsection.2.2}{\376\377\000S\000e\000l\000e\000c\000t\000i\000o\000n\000\040\000R\000u\000l\000e\000s}{section.2}% 4
\BOOKMARK [2][-]{subsection.2.3}{\376\377\000N\000o\000r\000m\000a\000l\000\040\000a\000n\000d\000\040\000A\000n\000o\000m\000a\000l\000o\000u\000s\000\040\000Z\000e\000e\000m\000a\000n\000\040\000E\000f\000f\000e\000c\000t}{section.2}% 5
\BOOKMARK [2][-]{subsection.2.4}{\376\377\000F\000a\000b\000r\000y\000-\000P\000e\000r\000o\000t\000\040\000E\000t\000a\000l\000o\000n\000:\000\040\000F\000r\000e\000q\000u\000e\000n\000c\000y\000\040\000S\000e\000l\000e\000c\000t\000i\000o\000n}{section.2}% 6
\BOOKMARK [1][-]{section.3}{\376\377\000E\000x\000p\000e\000r\000i\000m\000e\000n\000t\000\040\000S\000e\000t\000u\000p\000\040\000a\000n\000d\000\040\000P\000r\000o\000c\000e\000d\000u\000r\000e}{}% 7
\BOOKMARK [2][-]{subsection.3.1}{\376\377\000E\000x\000p\000e\000r\000i\000m\000e\000n\000t\000a\000l\000\040\000S\000e\000t\000u\000p}{section.3}% 8
\BOOKMARK [2][-]{subsection.3.2}{\376\377\000P\000r\000o\000c\000e\000d\000u\000r\000e}{section.3}% 9
\BOOKMARK [2][-]{subsection.3.3}{\376\377\000T\000r\000a\000n\000s\000v\000e\000r\000s\000a\000l\000\040\000O\000b\000s\000e\000r\000v\000a\000t\000i\000o\000n}{section.3}% 10
\BOOKMARK [2][-]{subsection.3.4}{\376\377\000C\000a\000l\000i\000b\000r\000a\000t\000i\000o\000n\000\040\000R\000e\000m\000a\000r\000k}{section.3}% 11
\BOOKMARK [1][-]{section.4}{\376\377\000D\000a\000t\000a\000\040\000A\000n\000a\000l\000y\000s\000i\000s\000\040}{}% 12
\BOOKMARK [2][-]{subsection.4.1}{\376\377\000O\000b\000s\000e\000r\000v\000a\000t\000i\000o\000n\000\040\000o\000f\000\040\000Z\000e\000e\000m\000a\000n\000\040\000E\000f\000f\000e\000c\000t}{section.4}% 13
\BOOKMARK [2][-]{subsection.4.2}{\376\377\000C\000a\000l\000c\000u\000l\000a\000t\000i\000o\000n\000\040\000o\000f\000\040\000B\000o\000h\000r\000\040\000M\000a\000g\000n\000e\000t\000o\000n}{section.4}% 14
\BOOKMARK [3][-]{subsubsection.4.2.1}{\376\377\000M\000e\000a\000s\000u\000r\000e\000m\000e\000n\000t\000\040\000o\000f\000\040\000t\000h\000e\000\040\000M\000a\000g\000n\000e\000t\000i\000c\000\040\000F\000i\000e\000l\000d}{subsection.4.2}% 15
\BOOKMARK [3][-]{subsubsection.4.2.2}{\376\377\000T\000r\000a\000n\000s\000v\000e\000r\000s\000a\000l\000\040\000N\000o\000r\000m\000a\000l\000\040\000Z\000e\000e\000m\000a\000n\000\040\000E\000f\000f\000e\000c\000t}{subsection.4.2}% 16
\BOOKMARK [3][-]{subsubsection.4.2.3}{\376\377\000T\000r\000a\000n\000s\000v\000e\000r\000s\000a\000l\000\040\000A\000n\000o\000m\000a\000l\000o\000u\000s\000\040\000Z\000e\000e\000m\000a\000n\000\040\000E\000f\000f\000e\000c\000t\000\040\000\050\000V\000e\000r\000t\000i\000c\000a\000l\000\051}{subsection.4.2}% 17
\BOOKMARK [3][-]{subsubsection.4.2.4}{\376\377\000T\000r\000a\000n\000s\000v\000e\000r\000s\000a\000l\000\040\000A\000n\000o\000m\000a\000l\000o\000u\000s\000\040\000Z\000e\000e\000m\000a\000n\000\040\000E\000f\000f\000e\000c\000t\000\040\000\050\000H\000o\000r\000i\000z\000o\000n\000t\000a\000l\000\051}{subsection.4.2}% 18
\BOOKMARK [1][-]{section.5}{\376\377\125\117\230\114\212\016\212\326}{}% 19
\BOOKMARK [2][-]{subsection.5.1}{\376\377\147\054\133\346\232\127\220\170\144\307\223\230\161\310\166\204\123\237\126\340\000?}{section.5}% 20
\BOOKMARK [2][-]{subsection.5.2}{\376\377\000F\000a\000b\000r\000y\000-\000P\000e\000r\000o\000t\166\204\220\113\117\134\123\237\164\006\160\272\117\125\000?\121\145\134\004\211\322\142\156\157\024\166\204\141\017\177\251\160\272\117\125\000?}{section.5}% 21
\BOOKMARK [2][-]{subsection.5.3}{\376\377\000/\0004\166\204\163\273\162\107\127\050\133\346\232\127\116\055\166\204\141\017\177\251\000?}{section.5}% 22
\BOOKMARK [2][-]{subsection.5.4}{\376\377\160\272\117\125\200\375\226\216\216\215\220\167\116\015\146\057\116\373\141\017\121\151\200\375\226\216\220\375\123\357\116\345\377\014\212\252\146\016\000s\000e\000l\000e\000c\000t\000i\000o\000n\000\040\000r\000u\000l\000e\166\204\162\151\164\006\152\137\122\066\116\046\143\250\134\016\116\113}{section.5}% 23
\BOOKMARK [2][-]{subsection.5.5}{\376\377\126\333\120\013\121\370\220\017\223\341\175\104\215\337\000C\000C\000D\166\204\165\050\220\024\160\272\117\125}{section.5}% 24
\BOOKMARK [1][-]{section.6}{\376\377\000S\000u\000m\000m\000a\000r\000y}{}% 25
